[2025-09-16 07:01:50] 🔍 Running auto-diagnostics...
[2025-09-16 07:01:51] ⚠️ Performance issues detected - applying conservative fixes
[2025-09-16 07:01:51] Improvement cycle completed - 1 fixes applied
[2025-09-16 07:04:55] 🚀 Starting continuous monitoring (every 10 minutes)
[2025-09-16 07:14:55] 🔍 Running auto-diagnostics...
[2025-09-16 07:14:55] ⚠️ Performance issues detected - applying conservative fixes
[2025-09-16 07:14:55] Improvement cycle completed - 1 fixes applied
[2025-09-16 07:24:55] 🔍 Running auto-diagnostics...
[2025-09-16 07:24:55] ⚠️ Performance issues detected - applying conservative fixes
[2025-09-16 07:24:55] Improvement cycle completed - 1 fixes applied
[2025-09-16 07:34:55] 🔍 Running auto-diagnostics...
[2025-09-16 07:34:56] ⚠️ Performance issues detected - applying conservative fixes
[2025-09-16 07:34:56] Improvement cycle completed - 1 fixes applied
[2025-09-16 07:44:56] 🔍 Running auto-diagnostics...
[2025-09-16 07:44:56] ⚠️ Performance issues detected - applying conservative fixes
[2025-09-16 07:44:56] Improvement cycle completed - 1 fixes applied
[2025-09-16 07:54:56] 🔍 Running auto-diagnostics...
[2025-09-16 07:54:56] ⚠️ Performance issues detected - applying conservative fixes
[2025-09-16 07:54:56] Improvement cycle completed - 1 fixes applied
[2025-09-16 08:04:56] 🔍 Running auto-diagnostics...
[2025-09-16 08:04:56] ⚠️ Performance issues detected - applying conservative fixes
[2025-09-16 08:04:56] Improvement cycle completed - 1 fixes applied
[2025-09-16 08:14:57] 🔍 Running auto-diagnostics...
[2025-09-16 08:14:57] ⚠️ Performance issues detected - applying conservative fixes
[2025-09-16 08:14:57] Improvement cycle completed - 1 fixes applied
[2025-09-16 08:24:57] 🔍 Running auto-diagnostics...
[2025-09-16 08:24:57] ⚠️ Performance issues detected - applying conservative fixes
[2025-09-16 08:24:57] Improvement cycle completed - 1 fixes applied
[2025-09-16 08:34:57] 🔍 Running auto-diagnostics...
[2025-09-16 08:34:57] ⚠️ Performance issues detected - applying conservative fixes
[2025-09-16 08:34:57] Improvement cycle completed - 1 fixes applied
[2025-09-16 08:44:57] 🔍 Running auto-diagnostics...
[2025-09-16 08:44:58] ⚠️ Performance issues detected - applying conservative fixes
[2025-09-16 08:44:58] Improvement cycle completed - 1 fixes applied
[2025-09-16 08:54:58] 🔍 Running auto-diagnostics...
[2025-09-16 08:54:58] ⚠️ Performance issues detected - applying conservative fixes
[2025-09-16 08:54:58] Improvement cycle completed - 1 fixes applied
[2025-09-16 09:00:58] 🏥 Running daily comprehensive health check
[2025-09-16 09:00:58] Health check cycle 1/3
[2025-09-16 09:00:58] 🔍 Running auto-diagnostics...
[2025-09-16 09:00:58] ⚠️ Performance issues detected - applying conservative fixes
[2025-09-16 09:00:58] Improvement cycle completed - 1 fixes applied
[2025-09-16 09:01:28] Health check cycle 2/3
[2025-09-16 09:01:28] 🔍 Running auto-diagnostics...
[2025-09-16 09:01:29] ⚠️ Performance issues detected - applying conservative fixes
[2025-09-16 09:01:29] Improvement cycle completed - 1 fixes applied
[2025-09-16 09:01:59] Health check cycle 3/3
[2025-09-16 09:01:59] 🔍 Running auto-diagnostics...
[2025-09-16 09:01:59] ⚠️ Performance issues detected - applying conservative fixes
[2025-09-16 09:01:59] Improvement cycle completed - 1 fixes applied
[2025-09-16 09:02:29] ✅ Daily health check completed
[2025-09-16 09:05:29] 🔍 Running auto-diagnostics...
[2025-09-16 09:05:29] ⚠️ Performance issues detected - applying conservative fixes
[2025-09-16 09:05:29] Improvement cycle completed - 1 fixes applied
[2025-09-16 09:15:29] 🔍 Running auto-diagnostics...
[2025-09-16 09:15:29] ⚠️ Performance issues detected - applying conservative fixes
[2025-09-16 09:15:29] Improvement cycle completed - 1 fixes applied
[2025-09-16 09:25:29] 🔍 Running auto-diagnostics...
[2025-09-16 09:25:30] ⚠️ Performance issues detected - applying conservative fixes
[2025-09-16 09:25:30] Improvement cycle completed - 1 fixes applied
[2025-09-16 09:35:30] 🔍 Running auto-diagnostics...
[2025-09-16 09:35:30] ⚠️ Performance issues detected - applying conservative fixes
[2025-09-16 09:35:30] Improvement cycle completed - 1 fixes applied
[2025-09-16 09:45:30] 🔍 Running auto-diagnostics...
[2025-09-16 09:45:30] ⚠️ Performance issues detected - applying conservative fixes
[2025-09-16 09:45:30] Improvement cycle completed - 1 fixes applied
[2025-09-16 09:55:30] 🔍 Running auto-diagnostics...
[2025-09-16 09:55:31] ⚠️ Performance issues detected - applying conservative fixes
[2025-09-16 09:55:31] Improvement cycle completed - 1 fixes applied
[2025-09-16 10:05:31] 🔍 Running auto-diagnostics...
[2025-09-16 10:05:31] ⚠️ Performance issues detected - applying conservative fixes
[2025-09-16 10:05:31] Improvement cycle completed - 1 fixes applied
[2025-09-16 10:15:31] 🔍 Running auto-diagnostics...
[2025-09-16 10:15:31] ⚠️ Performance issues detected - applying conservative fixes
[2025-09-16 10:15:31] Improvement cycle completed - 1 fixes applied
[2025-09-16 10:25:31] 🔍 Running auto-diagnostics...
[2025-09-16 10:25:32] ⚠️ Performance issues detected - applying conservative fixes
[2025-09-16 10:25:32] Improvement cycle completed - 1 fixes applied
[2025-09-16 10:35:32] 🔍 Running auto-diagnostics...
[2025-09-16 10:35:32] ⚠️ Performance issues detected - applying conservative fixes
[2025-09-16 10:35:32] Improvement cycle completed - 1 fixes applied
[2025-09-16 10:45:32] 🔍 Running auto-diagnostics...
[2025-09-16 10:45:32] ⚠️ Performance issues detected - applying conservative fixes
[2025-09-16 10:45:32] Improvement cycle completed - 1 fixes applied
[2025-09-16 10:55:32] 🔍 Running auto-diagnostics...
[2025-09-16 10:55:33] ⚠️ Performance issues detected - applying conservative fixes
[2025-09-16 10:55:33] Improvement cycle completed - 1 fixes applied
[2025-09-16 11:05:33] 🔍 Running auto-diagnostics...
[2025-09-16 11:05:33] ⚠️ Performance issues detected - applying conservative fixes
[2025-09-16 11:05:33] Improvement cycle completed - 1 fixes applied
[2025-09-16 11:15:33] 🔍 Running auto-diagnostics...
[2025-09-16 11:15:33] ⚠️ Performance issues detected - applying conservative fixes
[2025-09-16 11:15:33] Improvement cycle completed - 1 fixes applied
[2025-09-16 11:25:33] 🔍 Running auto-diagnostics...
[2025-09-16 11:25:34] ⚠️ Performance issues detected - applying conservative fixes
[2025-09-16 11:25:34] Improvement cycle completed - 1 fixes applied
[2025-09-16 11:35:34] 🔍 Running auto-diagnostics...
[2025-09-16 11:35:34] ⚠️ Performance issues detected - applying conservative fixes
[2025-09-16 11:35:34] Improvement cycle completed - 1 fixes applied
[2025-09-16 11:45:34] 🔍 Running auto-diagnostics...
[2025-09-16 11:45:34] ⚠️ Performance issues detected - applying conservative fixes
[2025-09-16 11:45:34] Improvement cycle completed - 1 fixes applied
[2025-09-16 11:55:34] 🔍 Running auto-diagnostics...
[2025-09-16 11:55:35] ⚠️ Performance issues detected - applying conservative fixes
[2025-09-16 11:55:35] Improvement cycle completed - 1 fixes applied
[2025-09-16 12:05:35] 🔍 Running auto-diagnostics...
[2025-09-16 12:05:35] 🚀 Training not running during business hours - would restart if needed
[2025-09-16 12:05:35] ⚠️ Performance issues detected - applying conservative fixes
[2025-09-16 12:05:35] Improvement cycle completed - 2 fixes applied
[2025-09-16 12:15:35] 🔍 Running auto-diagnostics...
[2025-09-16 12:15:35] 🚀 Training not running during business hours - would restart if needed
[2025-09-16 12:15:35] ⚠️ Performance issues detected - applying conservative fixes
[2025-09-16 12:15:35] Improvement cycle completed - 2 fixes applied
[2025-09-16 12:25:35] 🔍 Running auto-diagnostics...
[2025-09-16 12:25:35] 🚀 Training not running during business hours - would restart if needed
[2025-09-16 12:25:35] ⚠️ Performance issues detected - applying conservative fixes
[2025-09-16 12:25:35] Improvement cycle completed - 2 fixes applied
[2025-09-16 12:35:36] 🔍 Running auto-diagnostics...
[2025-09-16 12:35:36] 🚀 Training not running during business hours - would restart if needed
[2025-09-16 12:35:36] ⚠️ Performance issues detected - applying conservative fixes
[2025-09-16 12:35:36] Improvement cycle completed - 2 fixes applied
[2025-09-16 12:45:36] 🔍 Running auto-diagnostics...
[2025-09-16 12:45:36] 🚀 Training not running during business hours - would restart if needed
[2025-09-16 12:45:36] ⚠️ Performance issues detected - applying conservative fixes
[2025-09-16 12:45:36] Improvement cycle completed - 2 fixes applied
[2025-09-16 12:55:36] 🔍 Running auto-diagnostics...
[2025-09-16 12:55:36] 🚀 Training not running during business hours - would restart if needed
[2025-09-16 12:55:36] ⚠️ Performance issues detected - applying conservative fixes
[2025-09-16 12:55:36] Improvement cycle completed - 2 fixes applied
[2025-09-16 13:05:36] 🔍 Running auto-diagnostics...
[2025-09-16 13:05:37] ⚠️ Performance issues detected - applying conservative fixes
[2025-09-16 13:05:37] Improvement cycle completed - 1 fixes applied
