[2025-09-16 07:04:54] BREAK: Scanning for system issues → Starting detection
[2025-09-16 07:04:54] BREAK: Zero win rate detected → CRITICAL ISSUE FOUND
[2025-09-16 07:04:54] BREAK: High loss rate detected → HIGH SEVERITY ISSUE
[2025-09-16 07:04:54] FIX: Applying fixes for 2 issues → STARTING REPAIR
[2025-09-16 07:04:54] FIX: Applying conservative trading fix → ADJUSTING PARAMETERS
[2025-09-16 07:04:55] FIX: Zero win rate fix applied → SUCCESS
[2025-09-16 07:04:55] FIX: Applying risk reduction measures → RISK MANAGEMENT
[2025-09-16 07:04:55] FIX: Risk reduction applied → SUCCESS
[2025-09-16 07:04:55] AUTOMATE: Implementing prevention measures → STARTING AUTOMATION
[2025-09-16 07:04:55] AUTOMATE: Win rate monitoring automated → PREVENTION ACTIVE
[2025-09-16 07:04:55] AUTOMATE: Dynamic risk control automated → PREVENTION ACTIVE
[2025-09-16 07:04:55] AUTOMATE: Starting continuous monitoring → AUTOMATION DEPLOYED
[2025-09-16 07:04:55] AUTOMATE: Complete cycle finished → 2 issues, 2 fixes, 3 automations
[2025-09-16 07:58:18] BREAK: Scanning for system issues → Starting detection
[2025-09-16 07:58:18] BREAK: Zero win rate detected → CRITICAL ISSUE FOUND
[2025-09-16 07:58:18] BREAK: High loss rate detected → HIGH SEVERITY ISSUE
[2025-09-16 07:58:18] FIX: Applying fixes for 2 issues → STARTING REPAIR
[2025-09-16 07:58:18] FIX: Applying conservative trading fix → ADJUSTING PARAMETERS
[2025-09-16 07:58:18] FIX: Zero win rate fix applied → SUCCESS
[2025-09-16 07:58:18] FIX: Applying risk reduction measures → RISK MANAGEMENT
[2025-09-16 07:58:18] FIX: Risk reduction applied → SUCCESS
[2025-09-16 07:58:18] AUTOMATE: Implementing prevention measures → STARTING AUTOMATION
[2025-09-16 07:58:18] AUTOMATE: Win rate monitoring automated → PREVENTION ACTIVE
[2025-09-16 07:58:18] AUTOMATE: Dynamic risk control automated → PREVENTION ACTIVE
[2025-09-16 07:58:18] AUTOMATE: Complete cycle finished → 2 issues, 2 fixes, 2 automations
