2025-09-17 00:11:34,191 - INFO - Creating pre-deployment backup...
2025-09-17 00:11:34,193 - INFO - Backed up: benson_rsi_bot.py
2025-09-17 00:11:34,193 - INFO - Backed up: trade_executor.py
2025-09-17 00:11:34,194 - INFO - Backed up: enterprise_portfolio_manager.py
2025-09-17 00:11:34,194 - INFO - Backed up: benson_config_manager.py
2025-09-17 00:11:34,194 - INFO - Backed up: portfolio_manager.py
2025-09-17 00:11:34,195 - INFO - Backed up: .env
2025-09-17 00:11:34,195 - INFO - Backed up: benson_user_config.json
2025-09-17 00:11:34,196 - INFO - Backed up: profit_engine_config.json
2025-09-17 00:11:34,196 - INFO - Validating deployment environment...
2025-09-17 00:11:34,199 - INFO - Validating Python dependencies...
2025-09-17 00:11:34,816 - INFO - Validating system configuration...
2025-09-17 00:11:34,830 - INFO - Running enterprise integration tests...
2025-09-17 00:12:28,857 - INFO - Performing system health check...
2025-09-17 00:12:33,013 - INFO - ✅ Exchange connection established: kraken
2025-09-17 00:12:33,014 - INFO - 💰 Account balance loaded successfully
2025-09-17 00:12:33,015 - INFO - 🏭 Enterprise Portfolio Manager initialized - Session: enterprise-1758082353
2025-09-17 00:20:19,311 - INFO - Creating pre-deployment backup...
2025-09-17 00:20:19,313 - INFO - Backed up: benson_rsi_bot.py
2025-09-17 00:20:19,314 - INFO - Backed up: trade_executor.py
2025-09-17 00:20:19,314 - INFO - Backed up: enterprise_portfolio_manager.py
2025-09-17 00:20:19,314 - INFO - Backed up: benson_config_manager.py
2025-09-17 00:20:19,315 - INFO - Backed up: portfolio_manager.py
2025-09-17 00:20:19,315 - INFO - Backed up: .env
2025-09-17 00:20:19,316 - INFO - Backed up: benson_user_config.json
2025-09-17 00:20:19,316 - INFO - Backed up: profit_engine_config.json
2025-09-17 00:20:19,316 - INFO - Validating deployment environment...
2025-09-17 00:20:19,319 - INFO - Validating Python dependencies...
2025-09-17 00:20:20,140 - INFO - Validating system configuration...
2025-09-17 00:20:20,150 - INFO - Running enterprise integration tests...
2025-09-17 00:21:34,406 - INFO - Performing system health check...
2025-09-17 00:21:38,567 - INFO - ✅ Exchange connection established: kraken
2025-09-17 00:21:38,568 - INFO - 💰 Account balance loaded successfully
2025-09-17 00:21:38,568 - INFO - 🏭 Enterprise Portfolio Manager initialized - Session: enterprise-1758082898
2025-09-17 00:26:19,368 - INFO - Creating pre-deployment backup...
2025-09-17 00:26:19,372 - INFO - Backed up: benson_rsi_bot.py
2025-09-17 00:26:19,373 - INFO - Backed up: trade_executor.py
2025-09-17 00:26:19,373 - INFO - Backed up: enterprise_portfolio_manager.py
2025-09-17 00:26:19,374 - INFO - Backed up: benson_config_manager.py
2025-09-17 00:26:19,374 - INFO - Backed up: portfolio_manager.py
2025-09-17 00:26:19,374 - INFO - Backed up: .env
2025-09-17 00:26:19,375 - INFO - Backed up: benson_user_config.json
2025-09-17 00:26:19,375 - INFO - Backed up: profit_engine_config.json
2025-09-17 00:26:19,375 - INFO - Validating deployment environment...
2025-09-17 00:26:19,376 - INFO - Validating Python dependencies...
2025-09-17 00:26:19,804 - INFO - Validating system configuration...
2025-09-17 00:26:19,805 - INFO - Running enterprise integration tests...
2025-09-17 00:27:34,126 - INFO - Performing system health check...
2025-09-17 00:27:38,278 - INFO - ✅ Exchange connection established: kraken
2025-09-17 00:27:38,279 - INFO - 💰 Account balance loaded successfully
2025-09-17 00:27:38,279 - INFO - 🏭 Enterprise Portfolio Manager initialized - Session: enterprise-1758083258
