🔗 Supply Chain signals: ENABLED
🧠 Advanced Pattern Recognition Engine: ENABLED
🔥 STARTING PAPER TRADING SESSION
============================================================
⏱️  Duration: 1.0 hours
💰 Starting Budget: $100.00
⚡ Rate: 2 trades/minute
📊 Position Size: 1.0%-65.0% (dynamic based on confidence)
📈 Symbols: 18 cryptocurrencies
🎯 Session ID: rapid_training_1757979404

💎 ULTRA-HIGH QUALITY TRADE DETECTED - Boosting position size!
🚀 TRADE: SELL PENGU/USDT @ $0.0332 | $60.91 (1837.1996 shares) [60.9%] | RSI 100.0 | Sent -0.62 | SC 0.90 | BR 0.83 | AF 1.02 | Confidence 78.0% | profit 0.6% | Balance: $100.38
💎 ULTRA-HIGH QUALITY TRADE DETECTED - Boosting position size!
🚀 TRADE: BUY ETH/USDT @ $4521.7800 | $57.76 (0.0128 shares) [57.5%] | RSI 13.3 | Sent 0.83 | SC 0.90 | BR 0.80 | AF 1.16 | Confidence 75.9% | profit 1.8% | Balance: $101.45
💎 ULTRA-HIGH QUALITY TRADE DETECTED - Boosting position size!
🚀 TRADE: SELL PENGU/USDT @ $0.0332 | $65.94 (1989.0498 shares) [65.0%] | RSI 100.0 | Sent -0.40 | SC 0.90 | BR 0.80 | AF 1.08 | Confidence 86.9% | profit 2.9% | Balance: $103.34
💎 ULTRA-HIGH QUALITY TRADE DETECTED - Boosting position size!
🚀 TRADE: BUY LINK/USDT @ $23.5694 | $60.09 (2.5494 shares) [58.1%] | RSI 5.8 | Sent 0.84 | SC 1.00 | BR 1.09 | AF 0.81 | Confidence 76.3% | profit 2.6% | Balance: $104.92
💎 ULTRA-HIGH QUALITY TRADE DETECTED - Boosting position size!
🚀 TRADE: BUY ETH/USDT @ $4521.5900 | $68.20 (0.0151 shares) [65.0%] | RSI 13.4 | Sent 0.36 | SC 1.10 | BR 1.08 | AF 1.19 | Confidence 83.9% | profit 2.5% | Balance: $106.61
💎 ULTRA-HIGH QUALITY TRADE DETECTED - Boosting position size!
🚀 TRADE: SELL BNB/USDT @ $920.0000 | $69.30 (0.0753 shares) [65.0%] | RSI 100.0 | Sent -0.50 | SC 0.90 | BR 0.85 | AF 0.96 | Confidence 100.0% | profit 1.2% | Balance: $107.42
💎 ULTRA-HIGH QUALITY TRADE DETECTED - Boosting position size!
🚀 TRADE: SELL KAS/USDT @ $0.0833 | $69.82 (838.3104 shares) [65.0%] | RSI 100.0 | Sent -0.98 | SC 1.10 | BR 0.82 | AF 0.84 | Confidence 79.4% | profit 0.6% | Balance: $107.86
💎 ULTRA-HIGH QUALITY TRADE DETECTED - Boosting position size!
🚀 TRADE: BUY LTC/USDT @ $113.6706 | $70.11 (0.6168 shares) [65.0%] | RSI 8.9 | Sent -0.36 | SC 1.10 | BR 1.16 | AF 1.12 | Confidence 75.0% | profit 1.8% | Balance: $109.09
🎲 RANDOM TRADE for edge case learning
🚀 TRADE: SELL BTC/USDT @ $115362.6000 | $25.79 (0.0002 shares) [23.6%] | RSI 54.7 | Sent -0.78 | SC 1.00 | BR 1.11 | AF 0.91 | Confidence 63.9% | loss -1.2% | Balance: $108.77
🎲 RANDOM TRADE for edge case learning
🚀 TRADE: SELL BCH/USDT @ $593.3400 | $19.44 (0.0328 shares) [17.9%] | RSI 100.0 | Sent 0.26 | SC 1.00 | BR 0.96 | AF 1.19 | Confidence 57.1% | loss -1.0% | Balance: $108.58
🎲 RANDOM TRADE for edge case learning
🚀 TRADE: SELL ALGO/USDT @ $0.2325 | $15.29 (65.7341 shares) [14.1%] | RSI 100.0 | Sent -0.07 | SC 1.10 | BR 0.88 | AF 0.99 | Confidence 52.2% | loss -0.6% | Balance: $108.50
🎲 RANDOM TRADE for edge case learning
🚀 TRADE: BUY AI16Z/USDT @ $0.1078 | $14.19 (131.5950 shares) [13.1%] | RSI 100.0 | Sent 0.34 | SC 1.10 | BR 0.82 | AF 1.08 | Confidence 51.9% | profit 2.6% | Balance: $108.87
💎 ULTRA-HIGH QUALITY TRADE DETECTED - Boosting position size!
🚀 TRADE: SELL LTC/USDT @ $113.6706 | $60.45 (0.5318 shares) [55.5%] | RSI 100.0 | Sent -0.82 | SC 1.00 | BR 0.82 | AF 0.88 | Confidence 75.6% | loss -0.6% | Balance: $108.48
💎 ULTRA-HIGH QUALITY TRADE DETECTED - Boosting position size!
🚀 TRADE: SELL AI16Z/USDT @ $0.1078 | $69.21 (642.0598 shares) [63.8%] | RSI 100.0 | Sent -0.85 | SC 0.90 | BR 0.84 | AF 1.02 | Confidence 83.8% | profit 1.0% | Balance: $109.20
💎 ULTRA-HIGH QUALITY TRADE DETECTED - Boosting position size!
🚀 TRADE: SELL KAS/USDT @ $0.0833 | $69.16 (830.4044 shares) [63.3%] | RSI 100.0 | Sent -0.73 | SC 0.90 | BR 0.93 | AF 1.05 | Confidence 80.7% | loss -1.2% | Balance: $108.35
💎 ULTRA-HIGH QUALITY TRADE DETECTED - Boosting position size!
🚀 TRADE: SELL AVAX/USDT @ $29.8500 | $57.26 (1.9181 shares) [52.8%] | RSI 100.0 | Sent -0.45 | SC 0.90 | BR 1.02 | AF 0.89 | Confidence 73.8% | profit 2.2% | Balance: $109.62
💎 ULTRA-HIGH QUALITY TRADE DETECTED - Boosting position size!
🚀 TRADE: BUY XMR/USDT @ $305.0500 | $69.99 (0.2294 shares) [63.8%] | RSI 21.7 | Sent 0.42 | SC 1.00 | BR 1.15 | AF 1.16 | Confidence 78.6% | profit 1.1% | Balance: $110.39
💎 ULTRA-HIGH QUALITY TRADE DETECTED - Boosting position size!
🚀 TRADE: SELL AI16Z/USDT @ $0.1078 | $60.03 (556.8494 shares) [54.4%] | RSI 100.0 | Sent -0.63 | SC 1.00 | BR 0.90 | AF 0.84 | Confidence 70.8% | profit 0.5% | Balance: $110.70
💎 ULTRA-HIGH QUALITY TRADE DETECTED - Boosting position size!
🚀 TRADE: BUY LTC/USDT @ $113.5211 | $71.96 (0.6339 shares) [65.0%] | RSI 7.8 | Sent 0.87 | SC 1.10 | BR 1.17 | AF 1.05 | Confidence 96.7% | profit 1.8% | Balance: $111.99
💎 ULTRA-HIGH QUALITY TRADE DETECTED - Boosting position size!
🚀 TRADE: SELL ALGO/USDT @ $0.2325 | $72.79 (313.0357 shares) [65.0%] | RSI 100.0 | Sent -0.41 | SC 0.90 | BR 0.86 | AF 1.00 | Confidence 87.2% | profit 1.2% | Balance: $112.87
📚 Processed 0 patterns | Win Rate: 75.0% | Return: 12.9%
💎 ULTRA-HIGH QUALITY TRADE DETECTED - Boosting position size!
🚀 TRADE: SELL KAS/USDT @ $0.0833 | $73.37 (880.8792 shares) [65.0%] | RSI 100.0 | Sent -0.95 | SC 1.00 | BR 0.85 | AF 0.99 | Confidence 78.6% | loss -1.4% | Balance: $111.83
🎲 RANDOM TRADE for edge case learning
🚀 TRADE: SELL ADA/USDT @ $0.8629 | $20.96 (24.2918 shares) [18.7%] | RSI 100.0 | Sent -0.60 | SC 0.90 | BR 0.90 | AF 1.10 | Confidence 56.9% | loss -0.6% | Balance: $111.71
💎 ULTRA-HIGH QUALITY TRADE DETECTED - Boosting position size!
🚀 TRADE: SELL DOGE/USDT @ $0.2676 | $68.61 (256.3556 shares) [61.4%] | RSI 100.0 | Sent 0.51 | SC 0.90 | BR 0.93 | AF 0.98 | Confidence 75.0% | profit 2.8% | Balance: $113.64
💎 ULTRA-HIGH QUALITY TRADE DETECTED - Boosting position size!
🚀 TRADE: SELL AI16Z/USDT @ $0.1078 | $63.07 (585.0687 shares) [55.5%] | RSI 100.0 | Sent -0.34 | SC 0.90 | BR 0.86 | AF 1.06 | Confidence 70.9% | loss -1.2% | Balance: $112.89
💎 ULTRA-HIGH QUALITY TRADE DETECTED - Boosting position size!
🚀 TRADE: SELL AI16Z/USDT @ $0.1078 | $73.38 (680.6724 shares) [65.0%] | RSI 100.0 | Sent -0.99 | SC 0.90 | BR 1.08 | AF 0.83 | Confidence 87.2% | loss -0.6% | Balance: $112.46

============================================================
🏁 PAPER TRADING SESSION COMPLETE!
📊 Total Trades: 25
⏱️  Duration: 1.01 hours
⚡ Actual Rate: 0.4 trades/minute
💰 Starting Balance: $100.00
💰 Final Balance: $112.46
📈 Total Return: 12.46%
✅ Win Rate: 64.0% (16/25)
📚 Patterns Generated: 0
🧠 Learning Engine Update:
   • Total Sessions: 3
   • Patterns Learned: 4
   • Learning Active: True
💾 Session results saved to: rapid_training_results_rapid_training_1757979404.json
