2025-09-17 02:57:52,128 - INFO - ✅ Exchange connection established: kraken
2025-09-17 02:57:52,129 - INFO - 💰 Account balance loaded successfully
2025-09-17 02:57:52,130 - INFO - 🏭 Enterprise Portfolio Manager initialized - Session: enterprise-1758092272
2025-09-17 02:57:56,268 - INFO - ✅ Exchange connection established: kraken
2025-09-17 02:57:56,269 - INFO - 💰 Account balance loaded successfully
2025-09-17 02:57:56,269 - INFO - 📊 Portfolio database initialized
2025-09-17 02:58:04,441 - INFO - 💊 Portfolio Health: Score=1.00, Value=$494.14
2025-09-17 02:58:04,442 - INFO - 💰 Liquidity request: $10.00
2025-09-17 02:58:15,480 - INFO - ✅ Sufficient liquidity available: $12.05
2025-09-17 03:08:04,133 - INFO - ✅ Exchange connection established: kraken
2025-09-17 03:08:04,133 - INFO - 💰 Account balance loaded successfully
2025-09-17 03:08:04,133 - INFO - 🏭 Enterprise Portfolio Manager initialized - Session: enterprise-1758092884
2025-09-17 03:08:08,351 - INFO - ✅ Exchange connection established: kraken
2025-09-17 03:08:08,352 - INFO - 💰 Account balance loaded successfully
2025-09-17 03:08:08,354 - INFO - 📊 Portfolio database initialized
2025-09-17 03:08:16,656 - INFO - 💊 Portfolio Health: Score=1.00, Value=$494.05
2025-09-17 03:08:16,657 - INFO - 💰 Liquidity request: $10.00
2025-09-17 03:08:27,543 - INFO - ✅ Sufficient liquidity available: $12.05
2025-09-17 03:29:50,358 - INFO - ✅ Exchange connection established: kraken
2025-09-17 03:29:50,358 - INFO - 💰 Account balance loaded successfully
2025-09-17 03:29:50,358 - INFO - 🏭 Enterprise Portfolio Manager initialized - Session: enterprise-1758094190
2025-09-17 03:29:54,509 - INFO - ✅ Exchange connection established: kraken
2025-09-17 03:29:54,510 - INFO - 💰 Account balance loaded successfully
2025-09-17 03:29:54,512 - INFO - 📊 Portfolio database initialized
2025-09-17 03:30:02,678 - INFO - 💊 Portfolio Health: Score=1.00, Value=$495.81
2025-09-17 03:30:02,679 - INFO - 💰 Liquidity request: $10.00
2025-09-17 03:30:13,785 - INFO - ✅ Sufficient liquidity available: $12.05
2025-09-17 03:33:22,700 - INFO - 💊 Portfolio Health: Score=1.00, Value=$495.80
2025-09-17 03:33:33,970 - INFO - 💊 Portfolio Health: Score=1.00, Value=$495.80
2025-09-17 03:33:33,970 - INFO - 🏭 Enterprise trade initiated: trade-1758094413 - DOGE/USD buy
2025-09-17 03:33:37,512 - INFO - ✅ Exchange connection established: kraken
2025-09-17 03:33:37,512 - INFO - 💰 Account balance loaded successfully
2025-09-17 03:33:37,512 - INFO - 🏭 Enterprise Portfolio Manager initialized - Session: enterprise-1758094417
2025-09-17 03:33:41,680 - INFO - ✅ Exchange connection established: kraken
2025-09-17 03:33:41,681 - INFO - 💰 Account balance loaded successfully
2025-09-17 03:33:41,683 - INFO - 📊 Portfolio database initialized
2025-09-17 03:33:44,865 - INFO - 💊 Portfolio Health: Score=1.00, Value=$495.80
2025-09-17 03:33:44,866 - INFO - 💰 Liquidity request: $10.00
2025-09-17 03:33:49,777 - INFO - 💊 Portfolio Health: Score=1.00, Value=$495.80
2025-09-17 03:33:49,778 - INFO - 💰 Liquidity request: $10.00
2025-09-17 03:33:55,909 - INFO - ✅ Sufficient liquidity available: $12.05
2025-09-17 03:33:58,907 - INFO - 💰 Current balance: $12.05
2025-09-17 03:34:00,810 - INFO - ✅ Sufficient liquidity available: $12.05
2025-09-17 03:34:02,969 - INFO - ✅ Safe trade executed: DOGE/USD | Amount: 26.765696 | Price: $0.2702 | Notional: $7.23
2025-09-17 03:34:15,032 - INFO - 💊 Portfolio Health: Score=0.87, Value=$495.77
2025-09-17 03:34:15,032 - INFO - ✅ Enterprise trade completed: trade-1758094413 - $7.23
2025-09-17 03:34:15,032 - ERROR - 🔴 TRADE ERROR: AttributeError - 'OrderSide' object has no attribute 'upper'
2025-09-17 03:34:15,032 - ERROR -    Trade: DOGE/USD buy 0.0 @ 10.0% confidence
2025-09-17 03:34:21,516 - INFO - 💊 Portfolio Health: Score=0.87, Value=$495.67
2025-09-17 03:34:33,562 - INFO - 💊 Portfolio Health: Score=0.87, Value=$495.67
2025-09-17 03:34:33,562 - INFO - 🏭 Enterprise trade initiated: trade-1758094473 - ANON/USD buy
2025-09-17 03:34:45,594 - INFO - 💊 Portfolio Health: Score=0.87, Value=$495.67
2025-09-17 03:34:45,597 - INFO - 💰 Liquidity request: $10.00
2025-09-17 03:34:57,718 - INFO - 🔄 Liquidation needed: $5.18 (have $4.82)
2025-09-17 03:35:09,680 - INFO - 💰 Need $10.00, have $4.82, liquidating $5.18
2025-09-17 03:35:17,068 - INFO - ✅ Liquidated 124.768850 XRP → $8.00
2025-09-17 03:35:17,068 - INFO - ✅ Liquidated XRP ($379.17)
2025-09-17 03:35:29,110 - INFO - ✅ Liquidation successful: $12.83 available
2025-09-17 03:35:32,119 - INFO - 💰 Current balance: $12.83
2025-09-17 03:35:36,393 - INFO - ✅ Safe trade executed: ANON/USD | Amount: 3.779510 | Price: $2.0371 | Notional: $7.70
2025-09-17 03:35:49,441 - INFO - 💊 Portfolio Health: Score=0.87, Value=$495.61
2025-09-17 03:35:49,441 - INFO - ✅ Enterprise trade completed: trade-1758094473 - $7.70
2025-09-17 03:35:49,441 - ERROR - 🔴 TRADE ERROR: AttributeError - 'OrderSide' object has no attribute 'upper'
2025-09-17 03:35:49,442 - ERROR -    Trade: ANON/USD buy 0.0 @ 10.0% confidence
2025-09-17 03:36:05,200 - INFO - 💊 Portfolio Health: Score=0.87, Value=$495.58
2025-09-17 03:36:18,180 - INFO - 💊 Portfolio Health: Score=0.87, Value=$495.59
2025-09-17 03:36:18,181 - INFO - 🏭 Enterprise trade initiated: trade-1758094578 - AVNT/USD buy
2025-09-17 03:36:31,447 - INFO - 💊 Portfolio Health: Score=0.87, Value=$495.58
2025-09-17 03:36:31,448 - INFO - 💰 Liquidity request: $10.00
2025-09-17 03:36:44,352 - INFO - 🔄 Liquidation needed: $5.01 (have $4.99)
2025-09-17 03:36:57,387 - INFO - 💰 Need $10.00, have $4.99, liquidating $5.01
2025-09-17 03:37:04,555 - INFO - ✅ Liquidated 122.123177 XRP → $8.00
2025-09-17 03:37:04,556 - INFO - ✅ Liquidated XRP ($371.12)
2025-09-17 03:37:17,579 - INFO - ✅ Liquidation successful: $13.00 available
2025-09-17 03:37:20,597 - INFO - 💰 Current balance: $13.00
2025-09-17 03:37:24,868 - INFO - [order-error] AVNT/USD buy -> kraken {"error":["EGeneral:Invalid arguments:volume minimum not met"]}
2025-09-17 03:37:24,868 - ERROR - ❌ Safe order placement failed: kraken {"error":["EGeneral:Invalid arguments:volume minimum not met"]}
2025-09-17 03:37:37,917 - INFO - 💊 Portfolio Health: Score=1.00, Value=$495.55
2025-09-17 03:37:37,919 - WARNING - ⚠️ Enterprise trade failed: trade-1758094578 - Safe order placement error: kraken {"error":["EGeneral:Invalid arguments:volume minimum not met"]}
2025-09-17 03:37:37,919 - WARNING - ⚠️ TRADE FAILURE LOGGED: AVNT/USD buy
2025-09-17 03:37:37,919 - WARNING -    Error: Unknown error
2025-09-17 03:37:37,919 - WARNING -    Context: Confidence=10.0%, Signal=0.42
2025-09-17 03:37:51,090 - INFO - 💊 Portfolio Health: Score=1.00, Value=$495.56
2025-09-17 03:38:04,144 - INFO - 💊 Portfolio Health: Score=1.00, Value=$495.56
2025-09-17 03:38:04,144 - INFO - 🏭 Enterprise trade initiated: trade-1758094684 - CCD/USD buy
2025-09-17 03:38:17,039 - INFO - 💊 Portfolio Health: Score=1.00, Value=$495.60
2025-09-17 03:38:17,039 - INFO - 💰 Liquidity request: $10.00
2025-09-17 03:38:30,008 - INFO - ✅ Sufficient liquidity available: $13.00
2025-09-17 03:38:33,101 - INFO - 💰 Current balance: $13.00
2025-09-17 03:38:37,252 - INFO - ✅ Safe trade executed: CCD/USD | Amount: 1046.846000 | Price: $0.0074 | Notional: $7.80
2025-09-17 03:38:50,289 - INFO - 💊 Portfolio Health: Score=0.88, Value=$495.64
2025-09-17 03:38:50,290 - INFO - ✅ Enterprise trade completed: trade-1758094684 - $7.80
2025-09-17 03:38:50,290 - ERROR - 🔴 TRADE ERROR: AttributeError - 'OrderSide' object has no attribute 'upper'
2025-09-17 03:38:50,290 - ERROR -    Trade: CCD/USD buy 0.0 @ 10.0% confidence
2025-09-17 03:39:03,965 - INFO - 💊 Portfolio Health: Score=0.88, Value=$495.64
2025-09-17 03:39:16,862 - INFO - 💊 Portfolio Health: Score=0.88, Value=$495.56
2025-09-17 03:39:16,863 - INFO - 🏭 Enterprise trade initiated: trade-1758094756 - CQT/USD buy
2025-09-17 03:39:29,903 - INFO - 💊 Portfolio Health: Score=0.88, Value=$495.56
2025-09-17 03:39:29,903 - INFO - 💰 Liquidity request: $10.00
2025-09-17 03:39:42,878 - INFO - 🔄 Liquidation needed: $4.79 (have $5.21)
2025-09-17 03:39:56,146 - INFO - 💰 Need $10.00, have $5.21, liquidating $4.79
2025-09-17 03:40:03,138 - INFO - ✅ Liquidated 119.477416 XRP → $8.00
2025-09-17 03:40:03,139 - INFO - ✅ Liquidated XRP ($362.99)
2025-09-17 03:40:16,174 - INFO - ✅ Liquidation successful: $13.21 available
2025-09-17 03:40:19,312 - INFO - 💰 Current balance: $13.21
2025-09-17 03:40:23,406 - INFO - ✅ Safe trade executed: CQT/USD | Amount: 4407.404319 | Price: $0.0018 | Notional: $7.93
2025-09-17 03:40:37,373 - INFO - 💊 Portfolio Health: Score=0.80, Value=$495.10
2025-09-17 03:40:37,374 - INFO - ✅ Enterprise trade completed: trade-1758094756 - $7.93
2025-09-17 03:40:37,374 - ERROR - 🔴 TRADE ERROR: AttributeError - 'OrderSide' object has no attribute 'upper'
2025-09-17 03:40:37,374 - ERROR -    Trade: CQT/USD buy 0.0 @ 10.0% confidence
2025-09-17 03:40:54,144 - INFO - 💊 Portfolio Health: Score=0.80, Value=$495.10
2025-09-17 03:41:08,194 - INFO - 💊 Portfolio Health: Score=0.80, Value=$495.16
2025-09-17 03:41:08,195 - INFO - 🏭 Enterprise trade initiated: trade-1758094868 - DYM/USD buy
2025-09-17 03:41:22,255 - INFO - 💊 Portfolio Health: Score=0.80, Value=$495.16
2025-09-17 03:41:22,256 - INFO - 💰 Liquidity request: $10.00
2025-09-17 03:41:36,295 - INFO - 🔄 Liquidation needed: $4.88 (have $5.12)
2025-09-17 03:41:50,327 - INFO - 💰 Need $10.00, have $5.12, liquidating $4.88
2025-09-17 03:41:57,485 - INFO - ✅ Liquidated 116.831012 XRP → $8.00
2025-09-17 03:41:57,486 - INFO - ✅ Liquidated XRP ($354.97)
2025-09-17 03:42:11,524 - INFO - ✅ Liquidation successful: $13.12 available
2025-09-17 03:42:14,555 - INFO - 💰 Current balance: $13.12
2025-09-17 03:42:18,836 - INFO - ✅ Safe trade executed: DYM/USD | Amount: 32.538800 | Price: $0.2420 | Notional: $7.87
2025-09-17 03:42:32,858 - INFO - 💊 Portfolio Health: Score=0.81, Value=$487.35
2025-09-17 03:42:32,859 - INFO - ✅ Enterprise trade completed: trade-1758094868 - $7.87
2025-09-17 03:42:32,859 - ERROR - 🔴 TRADE ERROR: AttributeError - 'OrderSide' object has no attribute 'upper'
2025-09-17 03:42:32,859 - ERROR -    Trade: DYM/USD buy 0.0 @ 10.0% confidence
2025-09-17 03:42:49,751 - INFO - 💊 Portfolio Health: Score=0.81, Value=$487.43
2025-09-17 03:43:03,567 - INFO - 💊 Portfolio Health: Score=0.81, Value=$487.42
2025-09-17 03:43:03,568 - INFO - 🏭 Enterprise trade initiated: trade-1758094983 - GHIBLI/USD buy
2025-09-17 03:43:17,696 - INFO - 💊 Portfolio Health: Score=0.81, Value=$487.42
2025-09-17 03:43:17,696 - INFO - 💰 Liquidity request: $10.00
2025-09-17 03:46:43,895 - INFO - ✅ Exchange connection established: kraken
2025-09-17 03:46:43,896 - INFO - 💰 Account balance loaded successfully
2025-09-17 03:46:43,896 - INFO - 🏭 Enterprise Portfolio Manager initialized - Session: enterprise-1758095203
2025-09-17 03:46:48,065 - INFO - ✅ Exchange connection established: kraken
2025-09-17 03:46:48,066 - INFO - 💰 Account balance loaded successfully
2025-09-17 03:46:48,068 - INFO - 📊 Portfolio database initialized
2025-09-17 03:46:59,238 - INFO - 💊 Portfolio Health: Score=0.81, Value=$487.45
2025-09-17 03:46:59,239 - INFO - 💰 Liquidity request: $10.00
2025-09-17 03:47:13,429 - INFO - 🔄 Liquidation needed: $4.78 (have $5.22)
2025-09-17 03:47:27,397 - INFO - 💰 Need $10.00, have $5.22, liquidating $4.78
2025-09-17 03:47:34,562 - INFO - ✅ Liquidated 114.185025 XRP → $8.00
2025-09-17 03:47:34,562 - INFO - ✅ Liquidated XRP ($346.93)
2025-09-17 03:47:48,605 - INFO - ✅ Liquidation successful: $13.22 available
2025-09-17 03:48:21,365 - INFO - 💊 Portfolio Health: Score=0.93, Value=$487.49
2025-09-17 03:48:35,302 - INFO - 💊 Portfolio Health: Score=0.93, Value=$487.49
2025-09-17 03:48:35,302 - INFO - 🏭 Enterprise trade initiated: trade-1758095315 - AVNT/USD buy
2025-09-17 03:48:49,303 - INFO - 💊 Portfolio Health: Score=0.93, Value=$487.49
2025-09-17 03:48:49,304 - INFO - 💰 Liquidity request: $10.00
2025-09-17 03:49:03,354 - INFO - ✅ Sufficient liquidity available: $13.22
2025-09-17 03:49:06,589 - INFO - 💰 Current balance: $13.22
2025-09-17 03:49:10,648 - INFO - [order-error] AVNT/USD buy -> kraken {"error":["EGeneral:Invalid arguments:volume minimum not met"]}
2025-09-17 03:49:10,648 - ERROR - ❌ Safe order placement failed: kraken {"error":["EGeneral:Invalid arguments:volume minimum not met"]}
2025-09-17 03:49:24,697 - INFO - 💊 Portfolio Health: Score=0.93, Value=$487.49
2025-09-17 03:49:24,698 - WARNING - ⚠️ Enterprise trade failed: trade-1758095315 - Safe order placement error: kraken {"error":["EGeneral:Invalid arguments:volume minimum not met"]}
2025-09-17 03:49:24,698 - WARNING - ⚠️ TRADE FAILURE LOGGED: AVNT/USD buy
2025-09-17 03:49:24,698 - WARNING -    Error: Unknown error
2025-09-17 03:49:24,698 - WARNING -    Context: Confidence=10.0%, Signal=0.42
2025-09-17 03:49:41,498 - INFO - 💊 Portfolio Health: Score=0.93, Value=$487.49
2025-09-17 03:49:55,551 - INFO - 💊 Portfolio Health: Score=0.93, Value=$487.49
2025-09-17 03:49:55,552 - INFO - 🏭 Enterprise trade initiated: trade-1758095395 - CQT/USD buy
2025-09-17 03:50:09,510 - INFO - 💊 Portfolio Health: Score=0.93, Value=$487.49
2025-09-17 03:50:09,511 - INFO - 💰 Liquidity request: $10.00
2025-09-17 03:50:23,562 - INFO - ✅ Sufficient liquidity available: $13.22
2025-09-17 03:50:26,650 - INFO - 💰 Current balance: $13.22
2025-09-17 03:50:30,933 - INFO - ✅ Safe trade executed: CQT/USD | Amount: 4314.101623 | Price: $0.0018 | Notional: $7.93
2025-09-17 03:50:44,963 - INFO - 💊 Portfolio Health: Score=0.81, Value=$487.38
2025-09-17 03:50:44,964 - INFO - ✅ Enterprise trade completed: trade-1758095395 - $7.93
2025-09-17 03:50:44,964 - ERROR - 🔴 TRADE ERROR: AttributeError - 'OrderSide' object has no attribute 'upper'
2025-09-17 03:50:44,964 - ERROR -    Trade: CQT/USD buy 0.0 @ 10.0% confidence
2025-09-17 03:51:01,867 - INFO - 💊 Portfolio Health: Score=0.81, Value=$487.38
2025-09-17 03:51:15,821 - INFO - 💊 Portfolio Health: Score=0.81, Value=$487.38
2025-09-17 03:51:15,822 - INFO - 🏭 Enterprise trade initiated: trade-1758095475 - DYM/USD buy
2025-09-17 03:51:30,087 - INFO - 💊 Portfolio Health: Score=0.81, Value=$487.38
2025-09-17 03:51:30,087 - INFO - 💰 Liquidity request: $10.00
2025-09-17 03:51:44,271 - INFO - 🔄 Liquidation needed: $4.62 (have $5.38)
2025-09-17 03:51:58,300 - INFO - 💰 Need $10.00, have $5.38, liquidating $4.62
2025-09-17 03:52:05,261 - INFO - ✅ Liquidated 111.538768 XRP → $8.00
2025-09-17 03:52:05,261 - INFO - ✅ Liquidated XRP ($338.92)
2025-09-17 03:52:19,263 - INFO - ✅ Liquidation successful: $13.39 available
2025-09-17 03:52:22,467 - INFO - 💰 Current balance: $13.39
2025-09-17 03:52:26,459 - INFO - ✅ Safe trade executed: DYM/USD | Amount: 33.029870 | Price: $0.2422 | Notional: $8.00
2025-09-17 03:52:40,481 - INFO - 💊 Portfolio Health: Score=0.81, Value=$479.23
2025-09-17 03:52:40,482 - INFO - ✅ Enterprise trade completed: trade-1758095475 - $8.00
2025-09-17 03:52:40,482 - ERROR - 🔴 TRADE ERROR: AttributeError - 'OrderSide' object has no attribute 'upper'
2025-09-17 03:52:40,482 - ERROR -    Trade: DYM/USD buy 0.0 @ 10.0% confidence
2025-09-17 03:52:54,672 - INFO - 💊 Portfolio Health: Score=0.81, Value=$479.22
2025-09-17 03:53:08,561 - INFO - 💊 Portfolio Health: Score=0.81, Value=$479.22
2025-09-17 03:53:08,561 - INFO - 🏭 Enterprise trade initiated: trade-1758095588 - ESX/USD buy
2025-09-17 03:53:22,528 - INFO - 💊 Portfolio Health: Score=0.81, Value=$479.24
2025-09-17 03:53:22,528 - INFO - 💰 Liquidity request: $10.00
2025-09-17 03:53:36,659 - INFO - 🔄 Liquidation needed: $4.62 (have $5.38)
2025-09-17 03:53:50,941 - INFO - 💰 Need $10.00, have $5.38, liquidating $4.62
2025-09-17 03:53:57,904 - INFO - ✅ Liquidated 108.892747 XRP → $8.00
2025-09-17 03:53:57,905 - INFO - ✅ Liquidated XRP ($330.76)
2025-09-17 03:54:11,848 - INFO - ✅ Liquidation successful: $13.39 available
2025-09-17 03:54:14,921 - INFO - 💰 Current balance: $13.39
2025-09-17 03:54:19,306 - INFO - [order-error] ESX/USD buy -> kraken {"error":["EAccount:Invalid permissions:ESX trading restricted for US:PA."]}
2025-09-17 03:54:19,307 - ERROR - ❌ Safe order placement failed: kraken {"error":["EAccount:Invalid permissions:ESX trading restricted for US:PA."]}
2025-09-17 03:54:33,254 - INFO - 💊 Portfolio Health: Score=0.93, Value=$479.20
2025-09-17 03:54:33,255 - WARNING - ⚠️ Enterprise trade failed: trade-1758095588 - Safe order placement error: kraken {"error":["EAccount:Invalid permissions:ESX trading restricted for US:PA."]}
2025-09-17 03:54:33,255 - WARNING - ⚠️ TRADE FAILURE LOGGED: ESX/USD buy
2025-09-17 03:54:33,255 - WARNING -    Error: Unknown error
2025-09-17 03:54:33,255 - WARNING -    Context: Confidence=10.0%, Signal=0.42
2025-09-17 03:55:01,228 - INFO - 💊 Portfolio Health: Score=0.93, Value=$479.20
2025-09-17 03:55:15,314 - INFO - 💊 Portfolio Health: Score=0.93, Value=$479.20
2025-09-17 03:55:15,315 - INFO - 🏭 Enterprise trade initiated: trade-1758095715 - NODL/USD buy
2025-09-17 03:55:29,390 - INFO - 💊 Portfolio Health: Score=0.93, Value=$479.20
2025-09-17 03:55:29,391 - INFO - 💰 Liquidity request: $10.00
2025-09-17 03:55:43,489 - INFO - ✅ Sufficient liquidity available: $13.39
2025-09-17 03:55:46,501 - INFO - 💰 Current balance: $13.39
2025-09-17 03:55:50,648 - INFO - [order-error] NODL/USD buy -> kraken {"error":["EAccount:Invalid permissions:NODL trading restricted for US:PA."]}
2025-09-17 03:55:50,649 - ERROR - ❌ Safe order placement failed: kraken {"error":["EAccount:Invalid permissions:NODL trading restricted for US:PA."]}
2025-09-17 03:56:04,722 - INFO - 💊 Portfolio Health: Score=0.93, Value=$479.20
2025-09-17 03:56:04,723 - WARNING - ⚠️ Enterprise trade failed: trade-1758095715 - Safe order placement error: kraken {"error":["EAccount:Invalid permissions:NODL trading restricted for US:PA."]}
2025-09-17 03:56:04,723 - WARNING - ⚠️ TRADE FAILURE LOGGED: NODL/USD buy
2025-09-17 03:56:04,723 - WARNING -    Error: Unknown error
2025-09-17 03:56:04,723 - WARNING -    Context: Confidence=10.0%, Signal=0.42
2025-09-17 03:56:18,802 - INFO - 💊 Portfolio Health: Score=0.93, Value=$479.20
2025-09-17 03:56:32,899 - INFO - 💊 Portfolio Health: Score=0.93, Value=$479.20
2025-09-17 03:56:32,899 - INFO - 🏭 Enterprise trade initiated: trade-1758095792 - PENGU/USD buy
2025-09-17 03:56:46,990 - INFO - 💊 Portfolio Health: Score=0.93, Value=$479.19
2025-09-17 03:56:46,990 - INFO - 💰 Liquidity request: $10.00
2025-09-17 03:57:01,100 - INFO - ✅ Sufficient liquidity available: $13.39
2025-09-17 03:57:04,110 - INFO - 💰 Current balance: $13.39
2025-09-17 03:57:08,406 - INFO - ✅ Safe trade executed: PENGU/USD | Amount: 236.270700 | Price: $0.0339 | Notional: $8.00
2025-09-17 03:57:22,414 - INFO - 💊 Portfolio Health: Score=0.81, Value=$479.13
2025-09-17 03:57:22,414 - INFO - ✅ Enterprise trade completed: trade-1758095792 - $8.00
2025-09-17 03:57:22,414 - ERROR - 🔴 TRADE ERROR: AttributeError - 'OrderSide' object has no attribute 'upper'
2025-09-17 03:57:22,415 - ERROR -    Trade: PENGU/USD buy 0.0 @ 10.0% confidence
2025-09-17 03:57:43,451 - INFO - 💊 Portfolio Health: Score=0.81, Value=$479.19
2025-09-17 03:57:57,757 - INFO - 💊 Portfolio Health: Score=0.81, Value=$479.19
2025-09-17 03:57:57,757 - INFO - 🏭 Enterprise trade initiated: trade-1758095877 - STBL/USD buy
2025-09-17 03:58:11,704 - INFO - 💊 Portfolio Health: Score=0.81, Value=$479.19
2025-09-17 03:58:11,705 - INFO - 💰 Liquidity request: $10.00
2025-09-17 03:58:25,792 - INFO - 🔄 Liquidation needed: $4.60 (have $5.40)
2025-09-17 03:58:39,904 - INFO - 💰 Need $10.00, have $5.40, liquidating $4.60
2025-09-17 03:58:46,976 - INFO - ✅ Liquidated 106.245767 XRP → $8.00
2025-09-17 03:58:46,977 - INFO - ✅ Liquidated XRP ($322.72)
2025-09-17 03:59:01,075 - INFO - ✅ Liquidation successful: $13.41 available
2025-09-17 03:59:04,097 - INFO - 💰 Current balance: $13.41
2025-09-17 03:59:08,156 - INFO - [order-error] STBL/USD buy -> kraken {"error":["EAccount:Invalid permissions:STBL trading restricted for US:PA."]}
2025-09-17 03:59:08,156 - ERROR - ❌ Safe order placement failed: kraken {"error":["EAccount:Invalid permissions:STBL trading restricted for US:PA."]}
2025-09-17 03:59:22,235 - INFO - 💊 Portfolio Health: Score=0.93, Value=$479.16
2025-09-17 03:59:22,236 - WARNING - ⚠️ Enterprise trade failed: trade-1758095877 - Safe order placement error: kraken {"error":["EAccount:Invalid permissions:STBL trading restricted for US:PA."]}
2025-09-17 03:59:22,236 - WARNING - ⚠️ TRADE FAILURE LOGGED: STBL/USD buy
2025-09-17 03:59:22,236 - WARNING -    Error: Unknown error
2025-09-17 03:59:22,236 - WARNING -    Context: Confidence=10.0%, Signal=0.17
2025-09-17 03:59:36,335 - INFO - 💊 Portfolio Health: Score=0.93, Value=$478.95
2025-09-17 03:59:50,432 - INFO - 💊 Portfolio Health: Score=0.93, Value=$478.94
2025-09-17 03:59:50,433 - INFO - 🏭 Enterprise trade initiated: trade-1758095990 - TOSHI/USD buy
2025-09-17 04:00:04,498 - INFO - 💊 Portfolio Health: Score=0.93, Value=$479.03
2025-09-17 04:00:04,498 - INFO - 💰 Liquidity request: $10.00
2025-09-17 04:00:18,636 - INFO - ✅ Sufficient liquidity available: $13.41
2025-09-17 04:00:21,645 - INFO - 💰 Current balance: $13.41
2025-09-17 04:00:26,208 - INFO - ✅ Safe trade executed: TOSHI/USD | Amount: 8541.902000 | Price: $0.0009 | Notional: $8.00
2025-09-17 04:00:41,130 - INFO - 💊 Portfolio Health: Score=0.81, Value=$477.86
2025-09-17 04:00:41,130 - INFO - ✅ Enterprise trade completed: trade-1758095990 - $8.00
2025-09-17 04:00:41,131 - ERROR - 🔴 TRADE ERROR: AttributeError - 'OrderSide' object has no attribute 'upper'
2025-09-17 04:00:41,131 - ERROR -    Trade: TOSHI/USD buy 0.0 @ 10.0% confidence
2025-09-17 04:00:56,190 - INFO - 💊 Portfolio Health: Score=0.81, Value=$478.15
2025-09-17 04:01:11,273 - INFO - 💊 Portfolio Health: Score=0.81, Value=$478.03
2025-09-17 04:01:11,273 - INFO - 🏭 Enterprise trade initiated: trade-1758096071 - U/USD buy
2025-09-17 04:01:26,300 - INFO - 💊 Portfolio Health: Score=0.81, Value=$478.03
2025-09-17 04:01:26,301 - INFO - 💰 Liquidity request: $10.00
2025-09-17 04:01:41,481 - INFO - 🔄 Liquidation needed: $4.60 (have $5.40)
2025-09-17 04:01:56,588 - INFO - 💰 Need $10.00, have $5.40, liquidating $4.60
2025-09-17 04:02:03,786 - INFO - ✅ Liquidated 103.598787 XRP → $8.00
2025-09-17 04:02:03,786 - INFO - ✅ Liquidated XRP ($313.71)
2025-09-17 04:02:18,808 - INFO - ✅ Liquidation successful: $13.41 available
2025-09-17 04:02:21,820 - INFO - 💰 Current balance: $13.41
2025-09-17 04:02:26,140 - INFO - [order-error] U/USD buy -> kraken {"error":["EAccount:Invalid permissions:U trading restricted for US:PA."]}
2025-09-17 04:02:26,140 - ERROR - ❌ Safe order placement failed: kraken {"error":["EAccount:Invalid permissions:U trading restricted for US:PA."]}
2025-09-17 04:02:41,245 - INFO - 💊 Portfolio Health: Score=0.93, Value=$478.02
2025-09-17 04:02:41,245 - WARNING - ⚠️ Enterprise trade failed: trade-1758096071 - Safe order placement error: kraken {"error":["EAccount:Invalid permissions:U trading restricted for US:PA."]}
2025-09-17 04:02:41,245 - WARNING - ⚠️ TRADE FAILURE LOGGED: U/USD buy
2025-09-17 04:02:41,246 - WARNING -    Error: Unknown error
2025-09-17 04:02:41,246 - WARNING -    Context: Confidence=10.0%, Signal=0.42
2025-09-17 04:02:56,267 - INFO - 💊 Portfolio Health: Score=0.93, Value=$477.91
2025-09-17 04:03:11,429 - INFO - 💊 Portfolio Health: Score=0.93, Value=$477.89
2025-09-17 04:03:11,430 - INFO - 🏭 Enterprise trade initiated: trade-1758096191 - XRP/USD buy
2025-09-17 04:03:26,507 - INFO - 💊 Portfolio Health: Score=0.93, Value=$477.91
2025-09-17 04:03:26,508 - INFO - 💰 Liquidity request: $10.00
2025-09-17 04:03:41,615 - INFO - ✅ Sufficient liquidity available: $13.41
2025-09-17 04:03:44,625 - INFO - 💰 Current balance: $13.41
2025-09-17 04:03:48,681 - INFO - ✅ Safe trade executed: XRP/USD | Amount: 2.629758 | Price: $3.0421 | Notional: $8.00
2025-09-17 04:04:03,788 - INFO - 💊 Portfolio Health: Score=0.81, Value=$477.88
2025-09-17 04:04:03,789 - INFO - ✅ Enterprise trade completed: trade-1758096191 - $8.00
2025-09-17 04:04:03,789 - ERROR - 🔴 TRADE ERROR: AttributeError - 'OrderSide' object has no attribute 'upper'
2025-09-17 04:04:03,789 - ERROR -    Trade: XRP/USD buy 0.0 @ 10.0% confidence
2025-09-17 04:04:19,006 - INFO - 💊 Portfolio Health: Score=0.81, Value=$477.86
2025-09-17 04:04:33,874 - INFO - 💊 Portfolio Health: Score=0.81, Value=$477.85
2025-09-17 04:04:33,874 - INFO - 🏭 Enterprise trade initiated: trade-1758096273 - XRT/USD buy
2025-09-17 04:04:49,197 - INFO - 💊 Portfolio Health: Score=0.81, Value=$477.81
2025-09-17 04:04:49,197 - INFO - 💰 Liquidity request: $10.00
2025-09-17 04:05:04,069 - INFO - 🔄 Liquidation needed: $4.58 (have $5.42)
2025-09-17 04:05:19,289 - INFO - 💰 Need $10.00, have $5.42, liquidating $4.58
2025-09-17 04:05:26,641 - INFO - ✅ Liquidated 103.573401 XRP → $8.00
2025-09-17 04:05:26,642 - INFO - ✅ Liquidated XRP ($313.51)
2025-09-17 04:05:41,392 - INFO - ✅ Liquidation successful: $13.42 available
2025-09-17 04:05:44,492 - INFO - 💰 Current balance: $13.42
2025-09-17 04:05:48,759 - INFO - [order-error] XRT/USD buy -> kraken {"error":["EAccount:Invalid permissions:XRT trading restricted for US:PA."]}
2025-09-17 04:05:48,759 - ERROR - ❌ Safe order placement failed: kraken {"error":["EAccount:Invalid permissions:XRT trading restricted for US:PA."]}
2025-09-17 04:06:03,862 - INFO - 💊 Portfolio Health: Score=0.93, Value=$476.80
2025-09-17 04:06:03,862 - WARNING - ⚠️ Enterprise trade failed: trade-1758096273 - Safe order placement error: kraken {"error":["EAccount:Invalid permissions:XRT trading restricted for US:PA."]}
2025-09-17 04:06:03,862 - WARNING - ⚠️ TRADE FAILURE LOGGED: XRT/USD buy
2025-09-17 04:06:03,862 - WARNING -    Error: Unknown error
2025-09-17 04:06:03,863 - WARNING -    Context: Confidence=10.0%, Signal=0.42
2025-09-17 04:06:19,087 - INFO - 💊 Portfolio Health: Score=0.93, Value=$476.92
2025-09-17 04:06:34,286 - INFO - 💊 Portfolio Health: Score=0.93, Value=$476.78
2025-09-17 04:06:34,286 - INFO - 🏭 Enterprise trade initiated: trade-1758096394 - ADA/USD buy
2025-09-17 04:06:49,384 - INFO - 💊 Portfolio Health: Score=0.93, Value=$476.83
2025-09-17 04:06:49,384 - INFO - 💰 Liquidity request: $10.00
2025-09-17 04:07:04,486 - INFO - ✅ Sufficient liquidity available: $13.42
2025-09-17 04:07:07,496 - INFO - 💰 Current balance: $13.42
2025-09-17 04:07:11,840 - INFO - ✅ Safe trade executed: ADA/USD | Amount: 9.073458 | Price: $0.8817 | Notional: $8.00
2025-09-17 04:07:26,922 - INFO - 💊 Portfolio Health: Score=0.81, Value=$468.80
2025-09-17 04:07:26,923 - INFO - ✅ Enterprise trade completed: trade-1758096394 - $8.00
2025-09-17 04:07:26,923 - ERROR - 🔴 TRADE ERROR: AttributeError - 'OrderSide' object has no attribute 'upper'
2025-09-17 04:07:26,923 - ERROR -    Trade: ADA/USD buy 0.0 @ 10.0% confidence
2025-09-17 04:07:44,818 - INFO - 💊 Portfolio Health: Score=0.81, Value=$468.81
2025-09-17 04:07:59,826 - INFO - 💊 Portfolio Health: Score=0.81, Value=$468.87
2025-09-17 04:07:59,827 - INFO - 🏭 Enterprise trade initiated: trade-1758096479 - AVAX/USD buy
2025-09-17 04:08:15,079 - INFO - 💊 Portfolio Health: Score=0.81, Value=$468.83
2025-09-17 04:08:15,079 - INFO - 💰 Liquidity request: $10.00
2025-09-17 04:08:30,246 - INFO - 🔄 Liquidation needed: $4.57 (have $5.43)
2025-09-17 04:08:45,056 - INFO - 💰 Need $10.00, have $5.43, liquidating $4.57
2025-09-17 04:08:52,671 - INFO - ✅ Liquidated 100.916775 XRP → $8.00
2025-09-17 04:08:52,672 - INFO - ✅ Liquidated XRP ($305.17)
2025-09-17 04:09:07,660 - INFO - ✅ Liquidation successful: $13.44 available
2025-09-17 04:09:10,592 - INFO - 💰 Current balance: $13.44
2025-09-17 04:09:14,642 - INFO - ✅ Safe trade executed: AVAX/USD | Amount: 0.264810 | Price: $30.2103 | Notional: $8.00
2025-09-17 04:09:30,669 - INFO - 💊 Portfolio Health: Score=0.81, Value=$468.68
2025-09-17 04:09:30,669 - INFO - ✅ Enterprise trade completed: trade-1758096479 - $8.00
2025-09-17 04:09:30,669 - ERROR - 🔴 TRADE ERROR: AttributeError - 'OrderSide' object has no attribute 'upper'
2025-09-17 04:09:30,669 - ERROR -    Trade: AVAX/USD buy 0.0 @ 10.0% confidence
2025-09-17 04:09:53,833 - INFO - 💊 Portfolio Health: Score=0.81, Value=$468.78
2025-09-17 04:10:09,860 - INFO - 💊 Portfolio Health: Score=0.81, Value=$468.80
2025-09-17 04:10:09,860 - INFO - 🏭 Enterprise trade initiated: trade-1758096609 - DOGE/USD buy
2025-09-17 04:10:26,055 - INFO - 💊 Portfolio Health: Score=0.81, Value=$468.74
2025-09-17 04:10:26,055 - INFO - 💰 Liquidity request: $10.00
2025-09-17 04:10:42,160 - INFO - 🔄 Liquidation needed: $4.56 (have $5.44)
2025-09-17 04:10:58,231 - INFO - 💰 Need $10.00, have $5.44, liquidating $4.56
2025-09-17 04:11:05,392 - INFO - ✅ Liquidated 98.257987 XRP → $8.00
2025-09-17 04:11:05,393 - INFO - ✅ Liquidated XRP ($297.13)
2025-09-17 04:11:21,485 - INFO - ✅ Liquidation successful: $13.45 available
2025-09-17 04:11:24,491 - INFO - 💰 Current balance: $13.45
2025-09-17 04:11:28,729 - INFO - ✅ Safe trade executed: DOGE/USD | Amount: 29.792301 | Price: $0.2685 | Notional: $8.00
2025-09-17 04:11:44,760 - INFO - 💊 Portfolio Health: Score=0.81, Value=$468.60
2025-09-17 04:11:44,761 - INFO - ✅ Enterprise trade completed: trade-1758096609 - $8.00
2025-09-17 04:11:44,761 - ERROR - 🔴 TRADE ERROR: AttributeError - 'OrderSide' object has no attribute 'upper'
2025-09-17 04:11:44,761 - ERROR -    Trade: DOGE/USD buy 0.0 @ 10.0% confidence
2025-09-17 04:12:00,779 - INFO - 💊 Portfolio Health: Score=0.81, Value=$468.57
2025-09-17 04:14:08,616 - INFO - ✅ Exchange connection established: kraken
2025-09-17 04:14:08,617 - INFO - 💰 Account balance loaded successfully
2025-09-17 04:14:08,617 - INFO - 🏭 Enterprise Portfolio Manager initialized - Session: enterprise-1758096848
2025-09-17 04:14:12,829 - INFO - ✅ Exchange connection established: kraken
2025-09-17 04:14:12,830 - INFO - 💰 Account balance loaded successfully
2025-09-17 04:14:12,831 - INFO - 📊 Portfolio database initialized
2025-09-17 04:14:26,004 - INFO - 💊 Portfolio Health: Score=0.81, Value=$468.24
2025-09-17 04:14:26,004 - INFO - 💰 Liquidity request: $10.00
2025-09-17 04:14:42,268 - INFO - 🔄 Liquidation needed: $4.54 (have $5.46)
2025-09-17 04:14:58,104 - INFO - 💰 Need $10.00, have $5.46, liquidating $4.54
2025-09-17 04:15:05,204 - INFO - ✅ Liquidated 95.599199 XRP → $8.00
2025-09-17 04:15:05,204 - INFO - ✅ Liquidated XRP ($288.93)
2025-09-17 04:15:21,390 - INFO - ✅ Liquidation successful: $13.46 available
2025-09-17 04:15:49,050 - INFO - 💊 Portfolio Health: Score=0.93, Value=$467.95
2025-09-17 04:16:05,090 - INFO - 💊 Portfolio Health: Score=0.93, Value=$467.96
2025-09-17 04:16:05,090 - INFO - 🏭 Enterprise trade initiated: trade-1758096965 - ADA/USD buy
2025-09-17 04:16:21,289 - INFO - 💊 Portfolio Health: Score=0.93, Value=$468.11
2025-09-17 04:16:21,289 - INFO - 💰 Liquidity request: $10.00
2025-09-17 04:16:37,210 - INFO - ✅ Sufficient liquidity available: $13.46
2025-09-17 04:16:40,211 - INFO - 💰 Current balance: $13.46
2025-09-17 04:16:44,475 - INFO - ✅ Safe trade executed: ADA/USD | Amount: 9.075672 | Price: $0.8815 | Notional: $8.00
2025-09-17 04:17:00,468 - INFO - 💊 Portfolio Health: Score=0.81, Value=$459.84
2025-09-17 04:17:00,468 - INFO - ✅ Enterprise trade completed: trade-1758096965 - $8.00
2025-09-17 04:17:00,468 - ERROR - 🔴 TRADE ERROR: AttributeError - 'OrderSide' object has no attribute 'upper'
2025-09-17 04:17:00,468 - ERROR -    Trade: ADA/USD buy 0.0 @ 10.0% confidence
2025-09-17 04:17:19,420 - INFO - 💊 Portfolio Health: Score=0.81, Value=$459.80
2025-09-17 04:17:35,404 - INFO - 💊 Portfolio Health: Score=0.81, Value=$459.80
2025-09-17 04:17:35,404 - INFO - 🏭 Enterprise trade initiated: trade-1758097055 - AVAX/USD buy
2025-09-17 04:17:51,542 - INFO - 💊 Portfolio Health: Score=0.81, Value=$459.79
2025-09-17 04:17:51,542 - INFO - 💰 Liquidity request: $10.00
2025-09-17 04:18:07,600 - INFO - 🔄 Liquidation needed: $4.53 (have $5.47)
2025-09-17 04:18:23,652 - INFO - 💰 Need $10.00, have $5.47, liquidating $4.53
2025-09-17 04:18:30,944 - INFO - ✅ Liquidated 92.938889 XRP → $8.00
2025-09-17 04:18:30,945 - INFO - ✅ Liquidated XRP ($280.84)
2025-09-17 04:18:46,933 - INFO - ✅ Liquidation successful: $13.48 available
2025-09-17 04:18:50,035 - INFO - 💰 Current balance: $13.48
2025-09-17 04:18:54,165 - INFO - ✅ Safe trade executed: AVAX/USD | Amount: 0.264987 | Price: $30.1902 | Notional: $8.00
2025-09-17 04:19:10,270 - INFO - 💊 Portfolio Health: Score=0.81, Value=$459.79
2025-09-17 04:19:10,270 - INFO - ✅ Enterprise trade completed: trade-1758097055 - $8.00
2025-09-17 04:19:10,270 - ERROR - 🔴 TRADE ERROR: AttributeError - 'OrderSide' object has no attribute 'upper'
2025-09-17 04:19:10,271 - ERROR -    Trade: AVAX/USD buy 0.0 @ 10.0% confidence
2025-09-17 04:19:26,531 - INFO - 💊 Portfolio Health: Score=0.81, Value=$459.77
2025-09-17 04:19:42,711 - INFO - 💊 Portfolio Health: Score=0.81, Value=$459.74
2025-09-17 04:19:42,711 - INFO - 🏭 Enterprise trade initiated: trade-1758097182 - AVNT/USD buy
2025-09-17 04:19:58,595 - INFO - 💊 Portfolio Health: Score=0.81, Value=$459.58
2025-09-17 04:19:58,595 - INFO - 💰 Liquidity request: $10.00
2025-09-17 04:20:14,705 - INFO - 🔄 Liquidation needed: $4.52 (have $5.48)
2025-09-17 04:20:30,827 - INFO - 💰 Need $10.00, have $5.48, liquidating $4.52
2025-09-17 04:20:37,978 - INFO - ✅ Liquidated 90.278174 XRP → $8.00
2025-09-17 04:20:37,978 - INFO - ✅ Liquidated XRP ($272.64)
2025-09-17 04:20:54,079 - INFO - ✅ Liquidation successful: $13.49 available
2025-09-17 04:20:57,085 - INFO - 💰 Current balance: $13.49
2025-09-17 04:21:01,233 - INFO - [order-error] AVNT/USD buy -> kraken {"error":["EGeneral:Invalid arguments:volume minimum not met"]}
2025-09-17 04:21:01,233 - ERROR - ❌ Safe order placement failed: kraken {"error":["EGeneral:Invalid arguments:volume minimum not met"]}
2025-09-17 04:21:17,341 - INFO - 💊 Portfolio Health: Score=0.93, Value=$459.50
2025-09-17 04:21:17,341 - WARNING - ⚠️ Enterprise trade failed: trade-1758097182 - Safe order placement error: kraken {"error":["EGeneral:Invalid arguments:volume minimum not met"]}
2025-09-17 04:21:17,341 - WARNING - ⚠️ TRADE FAILURE LOGGED: AVNT/USD buy
2025-09-17 04:21:17,341 - WARNING -    Error: Unknown error
2025-09-17 04:21:17,341 - WARNING -    Context: Confidence=10.0%, Signal=0.42
2025-09-17 04:21:38,527 - INFO - 💊 Portfolio Health: Score=0.93, Value=$459.62
2025-09-17 04:21:54,535 - INFO - 💊 Portfolio Health: Score=0.93, Value=$459.59
2025-09-17 04:21:54,535 - INFO - 🏭 Enterprise trade initiated: trade-1758097314 - DOGE/USD buy
2025-09-17 04:22:10,715 - INFO - 💊 Portfolio Health: Score=0.93, Value=$459.64
2025-09-17 04:22:10,715 - INFO - 💰 Liquidity request: $10.00
2025-09-17 04:22:26,799 - INFO - ✅ Sufficient liquidity available: $13.49
2025-09-17 04:22:30,035 - INFO - 💰 Current balance: $13.49
2025-09-17 04:22:33,872 - INFO - ✅ Safe trade executed: DOGE/USD | Amount: 29.829578 | Price: $0.2682 | Notional: $8.00
2025-09-17 04:22:50,020 - INFO - 💊 Portfolio Health: Score=0.81, Value=$459.48
2025-09-17 04:22:50,021 - INFO - ✅ Enterprise trade completed: trade-1758097314 - $8.00
2025-09-17 04:22:50,021 - ERROR - 🔴 TRADE ERROR: AttributeError - 'OrderSide' object has no attribute 'upper'
2025-09-17 04:22:50,021 - ERROR -    Trade: DOGE/USD buy 0.0 @ 10.0% confidence
2025-09-17 04:23:06,128 - INFO - 💊 Portfolio Health: Score=0.81, Value=$459.41
2025-09-17 04:23:22,211 - INFO - 💊 Portfolio Health: Score=0.81, Value=$459.49
2025-09-17 04:23:22,212 - INFO - 🏭 Enterprise trade initiated: trade-1758097402 - DOT/USD buy
2025-09-17 04:23:38,320 - INFO - 💊 Portfolio Health: Score=0.81, Value=$459.50
2025-09-17 04:23:38,320 - INFO - 💰 Liquidity request: $10.00
2025-09-17 04:23:54,445 - INFO - 🔄 Liquidation needed: $4.51 (have $5.49)
2025-09-17 04:24:10,562 - INFO - 💰 Need $10.00, have $5.49, liquidating $4.51
2025-09-17 04:24:17,889 - INFO - ✅ Liquidated 87.615874 XRP → $8.00
2025-09-17 04:24:17,889 - INFO - ✅ Liquidated XRP ($264.60)
2025-09-17 04:24:34,117 - INFO - ✅ Liquidation successful: $13.50 available
2025-09-17 04:24:36,986 - INFO - 💰 Current balance: $13.50
2025-09-17 04:24:41,209 - INFO - ✅ Safe trade executed: DOT/USD | Amount: 1.893482 | Price: $4.2250 | Notional: $8.00
2025-09-17 04:24:57,216 - INFO - 💊 Portfolio Health: Score=0.81, Value=$451.56
2025-09-17 04:24:57,216 - INFO - ✅ Enterprise trade completed: trade-1758097402 - $8.00
2025-09-17 04:24:57,217 - ERROR - 🔴 TRADE ERROR: AttributeError - 'OrderSide' object has no attribute 'upper'
2025-09-17 04:24:57,217 - ERROR -    Trade: DOT/USD buy 0.0 @ 10.0% confidence
2025-09-17 04:25:13,322 - INFO - 💊 Portfolio Health: Score=0.81, Value=$451.56
2025-09-17 04:25:29,424 - INFO - 💊 Portfolio Health: Score=0.81, Value=$451.53
2025-09-17 04:25:29,424 - INFO - 🏭 Enterprise trade initiated: trade-1758097529 - DYM/USD buy
2025-09-17 04:25:45,534 - INFO - 💊 Portfolio Health: Score=0.81, Value=$451.56
2025-09-17 04:25:45,535 - INFO - 💰 Liquidity request: $10.00
2025-09-17 04:26:01,623 - INFO - 🔄 Liquidation needed: $4.48 (have $5.52)
2025-09-17 04:26:17,659 - INFO - 💰 Need $10.00, have $5.52, liquidating $4.48
2025-09-17 04:26:24,886 - INFO - ✅ Liquidated 84.953564 XRP → $8.00
2025-09-17 04:26:24,887 - INFO - ✅ Liquidated XRP ($256.58)
2025-09-17 04:26:40,978 - INFO - ✅ Liquidation successful: $13.52 available
2025-09-17 04:26:43,995 - INFO - 💰 Current balance: $13.52
2025-09-17 04:26:48,344 - INFO - ✅ Safe trade executed: DYM/USD | Amount: 33.446210 | Price: $0.2392 | Notional: $8.00
2025-09-17 04:27:04,407 - INFO - 💊 Portfolio Health: Score=0.81, Value=$443.55
2025-09-17 04:27:04,407 - INFO - ✅ Enterprise trade completed: trade-1758097529 - $8.00
2025-09-17 04:27:04,408 - ERROR - 🔴 TRADE ERROR: AttributeError - 'OrderSide' object has no attribute 'upper'
2025-09-17 04:27:04,408 - ERROR -    Trade: DYM/USD buy 0.0 @ 10.0% confidence
2025-09-17 04:27:20,923 - INFO - 💊 Portfolio Health: Score=0.81, Value=$443.52
2025-09-17 04:27:37,046 - INFO - 💊 Portfolio Health: Score=0.81, Value=$443.52
2025-09-17 04:27:37,046 - INFO - 🏭 Enterprise trade initiated: trade-1758097657 - ETH/USD buy
2025-09-17 04:27:53,085 - INFO - 💊 Portfolio Health: Score=0.81, Value=$443.53
2025-09-17 04:27:53,085 - INFO - 💰 Liquidity request: $10.00
2025-09-17 04:28:09,193 - INFO - 🔄 Liquidation needed: $4.48 (have $5.52)
2025-09-17 04:28:25,280 - INFO - 💰 Need $10.00, have $5.52, liquidating $4.48
2025-09-17 04:28:32,668 - INFO - ✅ Liquidated 82.291423 XRP → $8.00
2025-09-17 04:28:32,668 - INFO - ✅ Liquidated XRP ($248.52)
2025-09-17 04:28:48,743 - INFO - ✅ Liquidation successful: $13.53 available
2025-09-17 04:28:51,601 - INFO - 💰 Current balance: $13.53
2025-09-17 04:28:55,767 - INFO - [order-error] ETH/USD buy -> kraken {"error":["EGeneral:Invalid arguments:volume minimum not met"]}
2025-09-17 04:28:55,768 - ERROR - ❌ Safe order placement failed: kraken {"error":["EGeneral:Invalid arguments:volume minimum not met"]}
2025-09-17 04:29:11,837 - INFO - 💊 Portfolio Health: Score=0.93, Value=$443.51
2025-09-17 04:29:11,838 - WARNING - ⚠️ Enterprise trade failed: trade-1758097657 - Safe order placement error: kraken {"error":["EGeneral:Invalid arguments:volume minimum not met"]}
2025-09-17 04:29:11,838 - WARNING - ⚠️ TRADE FAILURE LOGGED: ETH/USD buy
2025-09-17 04:29:11,838 - WARNING -    Error: Unknown error
2025-09-17 04:29:11,838 - WARNING -    Context: Confidence=10.0%, Signal=0.44
2025-09-17 04:29:28,405 - INFO - 💊 Portfolio Health: Score=0.93, Value=$443.92
2025-09-17 04:29:44,519 - INFO - 💊 Portfolio Health: Score=0.93, Value=$443.93
2025-09-17 04:29:44,519 - INFO - 🏭 Enterprise trade initiated: trade-1758097784 - H/USD buy
2025-09-17 04:30:00,586 - INFO - 💊 Portfolio Health: Score=0.93, Value=$443.93
2025-09-17 04:30:00,586 - INFO - 💰 Liquidity request: $10.00
2025-09-17 04:30:16,624 - INFO - ✅ Sufficient liquidity available: $13.53
2025-09-17 04:30:19,709 - INFO - 💰 Current balance: $13.53
2025-09-17 04:30:24,026 - INFO - ✅ Safe trade executed: H/USD | Amount: 150.675730 | Price: $0.0531 | Notional: $8.00
2025-09-17 04:30:40,877 - INFO - 💊 Portfolio Health: Score=0.81, Value=$443.77
2025-09-17 04:30:40,877 - INFO - ✅ Enterprise trade completed: trade-1758097784 - $8.00
2025-09-17 04:30:40,877 - ERROR - 🔴 TRADE ERROR: AttributeError - 'OrderSide' object has no attribute 'upper'
2025-09-17 04:30:40,877 - ERROR -    Trade: H/USD buy 0.0 @ 10.0% confidence
2025-09-17 04:30:58,060 - INFO - 💊 Portfolio Health: Score=0.81, Value=$443.78
2025-09-17 04:31:15,369 - INFO - 💊 Portfolio Health: Score=0.81, Value=$443.64
2025-09-17 04:31:15,369 - INFO - 🏭 Enterprise trade initiated: trade-1758097875 - LINK/USD buy
2025-09-17 04:31:32,194 - INFO - 💊 Portfolio Health: Score=0.81, Value=$443.54
2025-09-17 04:31:32,194 - INFO - 💰 Liquidity request: $10.00
2025-09-17 04:31:49,263 - INFO - 🔄 Liquidation needed: $4.50 (have $5.50)
2025-09-17 04:32:06,381 - INFO - 💰 Need $10.00, have $5.50, liquidating $4.50
2025-09-17 04:32:13,635 - INFO - ✅ Liquidated 79.629104 XRP → $8.00
2025-09-17 04:32:13,635 - INFO - ✅ Liquidated XRP ($240.54)
2025-09-17 04:32:30,940 - INFO - ✅ Liquidation successful: $13.51 available
2025-09-17 04:32:33,770 - INFO - 💰 Current balance: $13.51
2025-09-17 04:32:37,803 - INFO - ✅ Safe trade executed: LINK/USD | Amount: 0.340229 | Price: $23.5136 | Notional: $8.00
2025-09-17 04:32:55,921 - INFO - 💊 Portfolio Health: Score=0.81, Value=$443.26
2025-09-17 04:32:55,921 - INFO - ✅ Enterprise trade completed: trade-1758097875 - $8.00
2025-09-17 04:32:55,922 - ERROR - 🔴 TRADE ERROR: AttributeError - 'OrderSide' object has no attribute 'upper'
2025-09-17 04:32:55,922 - ERROR -    Trade: LINK/USD buy 0.0 @ 10.0% confidence
2025-09-17 04:33:16,817 - INFO - 💊 Portfolio Health: Score=0.81, Value=$443.33
2025-09-17 04:33:34,992 - INFO - 💊 Portfolio Health: Score=0.81, Value=$443.34
2025-09-17 04:33:34,993 - INFO - 🏭 Enterprise trade initiated: trade-1758098014 - MOODENG/USD buy
2025-09-17 04:33:53,111 - INFO - 💊 Portfolio Health: Score=0.81, Value=$443.16
2025-09-17 04:33:53,111 - INFO - 💰 Liquidity request: $10.00
2025-09-17 04:34:11,240 - INFO - 🔄 Liquidation needed: $4.48 (have $5.52)
2025-09-17 04:34:29,623 - INFO - 💰 Need $10.00, have $5.52, liquidating $4.48
2025-09-17 04:34:36,822 - INFO - ✅ Liquidated 76.967421 XRP → $8.00
2025-09-17 04:34:36,822 - INFO - ✅ Liquidated XRP ($232.44)
2025-09-17 04:34:54,840 - INFO - ✅ Liquidation successful: $13.53 available
2025-09-17 04:34:57,945 - INFO - 💰 Current balance: $13.53
2025-09-17 04:35:02,113 - INFO - ✅ Safe trade executed: MOODENG/USD | Amount: 44.644970 | Price: $0.1792 | Notional: $8.00
2025-09-17 04:35:21,241 - INFO - 💊 Portfolio Health: Score=0.81, Value=$443.10
2025-09-17 04:35:21,241 - INFO - ✅ Enterprise trade completed: trade-1758098014 - $8.00
2025-09-17 04:35:21,242 - ERROR - 🔴 TRADE ERROR: AttributeError - 'OrderSide' object has no attribute 'upper'
2025-09-17 04:35:21,242 - ERROR -    Trade: MOODENG/USD buy 0.0 @ 10.0% confidence
2025-09-17 04:35:49,648 - INFO - 💊 Portfolio Health: Score=0.81, Value=$443.05
2025-09-17 04:36:08,773 - INFO - 💊 Portfolio Health: Score=0.81, Value=$443.19
2025-09-17 04:36:08,773 - INFO - 🏭 Enterprise trade initiated: trade-1758098168 - SOL/USD buy
2025-09-17 04:36:27,891 - INFO - 💊 Portfolio Health: Score=0.81, Value=$443.14
2025-09-17 04:36:27,891 - INFO - 💰 Liquidity request: $10.00
2025-09-17 04:36:47,045 - INFO - 🔄 Liquidation needed: $4.48 (have $5.52)
2025-09-17 04:37:06,169 - INFO - 💰 Need $10.00, have $5.52, liquidating $4.48
2025-09-17 04:37:13,363 - INFO - ✅ Liquidated 74.305111 XRP → $8.00
2025-09-17 04:37:13,363 - INFO - ✅ Liquidated XRP ($224.32)
2025-09-17 04:37:32,432 - INFO - ✅ Liquidation successful: $13.54 available
2025-09-17 04:37:35,585 - INFO - 💰 Current balance: $13.54
2025-09-17 04:37:39,512 - INFO - ✅ Safe trade executed: SOL/USD | Amount: 0.033829 | Price: $236.4865 | Notional: $8.00
2025-09-17 04:37:58,647 - INFO - 💊 Portfolio Health: Score=0.81, Value=$435.17
2025-09-17 04:37:58,648 - INFO - ✅ Enterprise trade completed: trade-1758098168 - $8.00
2025-09-17 04:37:58,648 - ERROR - 🔴 TRADE ERROR: AttributeError - 'OrderSide' object has no attribute 'upper'
2025-09-17 04:37:58,648 - ERROR -    Trade: SOL/USD buy 0.0 @ 10.0% confidence
2025-09-17 04:38:18,438 - INFO - 💊 Portfolio Health: Score=0.81, Value=$434.99
2025-09-17 04:38:37,549 - INFO - 💊 Portfolio Health: Score=0.81, Value=$434.98
2025-09-17 04:38:37,550 - INFO - 🏭 Enterprise trade initiated: trade-1758098317 - TOSHI/USD buy
2025-09-17 04:38:56,514 - INFO - 💊 Portfolio Health: Score=0.81, Value=$435.09
2025-09-17 04:38:56,515 - INFO - 💰 Liquidity request: $10.00
2025-09-17 04:39:15,639 - INFO - 🔄 Liquidation needed: $4.46 (have $5.54)
2025-09-17 04:39:34,754 - INFO - 💰 Need $10.00, have $5.54, liquidating $4.46
2025-09-17 04:39:41,947 - INFO - ✅ Liquidated 71.641885 XRP → $8.00
2025-09-17 04:39:41,947 - INFO - ✅ Liquidated XRP ($216.65)
2025-09-17 04:40:01,008 - INFO - ✅ Liquidation successful: $13.55 available
2025-09-17 04:40:04,079 - INFO - 💰 Current balance: $13.55
2025-09-17 04:40:08,674 - INFO - ✅ Safe trade executed: TOSHI/USD | Amount: 9109.863000 | Price: $0.0009 | Notional: $8.00
2025-09-17 04:40:27,527 - INFO - 💊 Portfolio Health: Score=0.81, Value=$435.18
2025-09-17 04:40:27,527 - INFO - ✅ Enterprise trade completed: trade-1758098317 - $8.00
2025-09-17 04:40:27,527 - ERROR - 🔴 TRADE ERROR: AttributeError - 'OrderSide' object has no attribute 'upper'
2025-09-17 04:40:27,528 - ERROR -    Trade: TOSHI/USD buy 0.0 @ 10.0% confidence
2025-09-17 04:40:46,668 - INFO - 💊 Portfolio Health: Score=0.81, Value=$435.18
2025-09-17 04:41:05,955 - INFO - 💊 Portfolio Health: Score=0.81, Value=$435.11
2025-09-17 04:41:05,955 - INFO - 🏭 Enterprise trade initiated: trade-1758098465 - U/USD buy
2025-09-17 04:41:24,955 - INFO - 💊 Portfolio Health: Score=0.81, Value=$435.05
2025-09-17 04:41:24,956 - INFO - 💰 Liquidity request: $10.00
2025-09-17 04:41:44,096 - INFO - 🔄 Liquidation needed: $4.45 (have $5.55)
2025-09-17 04:42:03,206 - INFO - 💰 Need $10.00, have $5.55, liquidating $4.45
2025-09-17 04:42:10,428 - INFO - ✅ Liquidated 68.983088 XRP → $8.00
2025-09-17 04:42:10,429 - INFO - ✅ Liquidated XRP ($208.33)
2025-09-17 04:42:29,493 - INFO - ✅ Liquidation successful: $13.56 available
2025-09-17 04:42:32,511 - INFO - 💰 Current balance: $13.56
2025-09-17 04:42:36,903 - INFO - [order-error] U/USD buy -> kraken {"error":["EAccount:Invalid permissions:U trading restricted for US:PA."]}
2025-09-17 04:42:36,903 - ERROR - ❌ Safe order placement failed: kraken {"error":["EAccount:Invalid permissions:U trading restricted for US:PA."]}
2025-09-17 04:42:56,010 - INFO - 💊 Portfolio Health: Score=0.93, Value=$434.51
2025-09-17 04:42:56,011 - WARNING - ⚠️ Enterprise trade failed: trade-1758098465 - Safe order placement error: kraken {"error":["EAccount:Invalid permissions:U trading restricted for US:PA."]}
2025-09-17 04:42:56,011 - WARNING - ⚠️ TRADE FAILURE LOGGED: U/USD buy
2025-09-17 04:42:56,011 - WARNING -    Error: Unknown error
2025-09-17 04:42:56,011 - WARNING -    Context: Confidence=10.0%, Signal=0.17
2025-09-17 04:43:15,119 - INFO - 💊 Portfolio Health: Score=0.93, Value=$434.18
2025-09-17 04:43:34,237 - INFO - 💊 Portfolio Health: Score=0.93, Value=$434.27
2025-09-17 04:43:34,237 - INFO - 🏭 Enterprise trade initiated: trade-1758098614 - XRP/USD buy
2025-09-17 04:43:53,523 - INFO - 💊 Portfolio Health: Score=0.93, Value=$434.26
2025-09-17 04:43:53,524 - INFO - 💰 Liquidity request: $10.00
2025-09-17 04:44:12,508 - INFO - ✅ Sufficient liquidity available: $13.56
2025-09-17 04:44:15,513 - INFO - 💰 Current balance: $13.56
2025-09-17 04:44:19,761 - INFO - ✅ Safe trade executed: XRP/USD | Amount: 2.638440 | Price: $3.0321 | Notional: $8.00
2025-09-17 04:44:38,691 - INFO - 💊 Portfolio Health: Score=0.81, Value=$434.38
2025-09-17 04:44:38,692 - INFO - ✅ Enterprise trade completed: trade-1758098614 - $8.00
2025-09-17 04:44:38,692 - ERROR - 🔴 TRADE ERROR: AttributeError - 'OrderSide' object has no attribute 'upper'
2025-09-17 04:44:38,692 - ERROR -    Trade: XRP/USD buy 0.0 @ 10.0% confidence
2025-09-17 04:44:57,822 - INFO - 💊 Portfolio Health: Score=0.81, Value=$434.43
2025-09-17 04:45:16,971 - INFO - 💊 Portfolio Health: Score=0.81, Value=$434.39
2025-09-17 04:45:16,971 - INFO - 🏭 Enterprise trade initiated: trade-1758098716 - XRT/USD buy
2025-09-17 04:45:36,113 - INFO - 💊 Portfolio Health: Score=0.81, Value=$434.41
2025-09-17 04:45:36,114 - INFO - 💰 Liquidity request: $10.00
2025-09-17 04:45:55,216 - INFO - 🔄 Liquidation needed: $4.44 (have $5.56)
2025-09-17 04:46:14,280 - INFO - 💰 Need $10.00, have $5.56, liquidating $4.44
2025-09-17 04:46:21,516 - INFO - ✅ Liquidated 68.958742 XRP → $8.00
2025-09-17 04:46:21,517 - INFO - ✅ Liquidated XRP ($208.34)
2025-09-17 04:46:40,607 - INFO - ✅ Liquidation successful: $13.57 available
2025-09-17 04:46:43,630 - INFO - 💰 Current balance: $13.57
2025-09-17 04:46:47,937 - INFO - [order-error] XRT/USD buy -> kraken {"error":["EAccount:Invalid permissions:XRT trading restricted for US:PA."]}
2025-09-17 04:46:47,937 - ERROR - ❌ Safe order placement failed: kraken {"error":["EAccount:Invalid permissions:XRT trading restricted for US:PA."]}
2025-09-17 04:47:07,054 - INFO - 💊 Portfolio Health: Score=0.93, Value=$434.55
2025-09-17 04:47:07,054 - WARNING - ⚠️ Enterprise trade failed: trade-1758098716 - Safe order placement error: kraken {"error":["EAccount:Invalid permissions:XRT trading restricted for US:PA."]}
2025-09-17 04:47:07,054 - WARNING - ⚠️ TRADE FAILURE LOGGED: XRT/USD buy
2025-09-17 04:47:07,055 - WARNING -    Error: Unknown error
2025-09-17 04:47:07,055 - WARNING -    Context: Confidence=10.0%, Signal=0.42
2025-09-17 04:48:15,356 - INFO - 💊 Portfolio Health: Score=0.93, Value=$434.63
2025-09-17 04:48:34,472 - INFO - 💊 Portfolio Health: Score=0.93, Value=$434.93
2025-09-17 04:48:34,472 - INFO - 🏭 Enterprise trade initiated: trade-1758098914 - Q/USD buy
2025-09-17 04:48:53,581 - INFO - 💊 Portfolio Health: Score=0.93, Value=$435.11
2025-09-17 04:48:53,581 - INFO - 💰 Liquidity request: $10.00
2025-09-17 04:49:12,730 - INFO - ✅ Sufficient liquidity available: $13.57
2025-09-17 04:49:15,729 - INFO - 💰 Current balance: $13.57
2025-09-17 04:49:19,899 - INFO - [order-error] Q/USD buy -> kraken {"error":["EAccount:Invalid permissions:Q trading restricted for US:PA."]}
2025-09-17 04:49:19,899 - ERROR - ❌ Safe order placement failed: kraken {"error":["EAccount:Invalid permissions:Q trading restricted for US:PA."]}
2025-09-17 04:49:39,021 - INFO - 💊 Portfolio Health: Score=0.93, Value=$435.03
2025-09-17 04:49:39,022 - WARNING - ⚠️ Enterprise trade failed: trade-1758098914 - Safe order placement error: kraken {"error":["EAccount:Invalid permissions:Q trading restricted for US:PA."]}
2025-09-17 04:49:39,022 - WARNING - ⚠️ TRADE FAILURE LOGGED: Q/USD buy
2025-09-17 04:49:39,022 - WARNING -    Error: Unknown error
2025-09-17 04:49:39,022 - WARNING -    Context: Confidence=10.0%, Signal=0.17
2025-09-17 05:01:14,785 - INFO - 💊 Portfolio Health: Score=0.93, Value=$435.75
2025-09-17 05:01:33,895 - INFO - 💊 Portfolio Health: Score=0.93, Value=$435.68
2025-09-17 05:01:33,895 - INFO - 🏭 Enterprise trade initiated: trade-1758099693 - H/USD buy
2025-09-17 05:01:52,883 - INFO - 💊 Portfolio Health: Score=0.93, Value=$435.82
2025-09-17 05:01:52,883 - INFO - 💰 Liquidity request: $10.00
2025-09-17 05:02:11,949 - INFO - ✅ Sufficient liquidity available: $13.57
2025-09-17 05:02:15,045 - INFO - 💰 Current balance: $13.57
2025-09-17 05:02:19,357 - INFO - ✅ Safe trade executed: H/USD | Amount: 150.990110 | Price: $0.0530 | Notional: $8.00
2025-09-17 05:02:38,600 - INFO - 💊 Portfolio Health: Score=0.81, Value=$435.63
2025-09-17 05:02:38,600 - INFO - ✅ Enterprise trade completed: trade-1758099693 - $8.00
2025-09-17 05:02:38,600 - ERROR - 🔴 TRADE ERROR: AttributeError - 'OrderSide' object has no attribute 'upper'
2025-09-17 05:02:38,600 - ERROR -    Trade: H/USD buy 0.0 @ 10.0% confidence
2025-09-17 05:17:31,814 - INFO - 💊 Portfolio Health: Score=0.81, Value=$435.48
2025-09-17 05:17:50,833 - INFO - 💊 Portfolio Health: Score=0.81, Value=$435.61
2025-09-17 05:17:50,834 - INFO - 🏭 Enterprise trade initiated: trade-1758100670 - H/USD buy
2025-09-17 05:18:09,848 - INFO - 💊 Portfolio Health: Score=0.81, Value=$436.23
2025-09-17 05:18:09,849 - INFO - 💰 Liquidity request: $10.00
2025-09-17 05:18:29,045 - INFO - 🔄 Liquidation needed: $4.47 (have $5.53)
2025-09-17 05:18:48,314 - INFO - 💰 Need $10.00, have $5.53, liquidating $4.47
2025-09-17 05:18:55,511 - INFO - ✅ Liquidated 66.297385 XRP → $8.00
2025-09-17 05:18:55,512 - INFO - ✅ Liquidated XRP ($200.22)
2025-09-17 05:19:14,598 - INFO - ✅ Liquidation successful: $13.53 available
2025-09-17 05:19:17,739 - INFO - 💰 Current balance: $13.53
2025-09-17 05:19:22,038 - INFO - ✅ Safe trade executed: H/USD | Amount: 150.504800 | Price: $0.0532 | Notional: $8.00
2025-09-17 05:19:41,393 - INFO - 💊 Portfolio Health: Score=0.81, Value=$435.57
2025-09-17 05:19:41,393 - INFO - ✅ Enterprise trade completed: trade-1758100670 - $8.00
2025-09-17 05:19:41,393 - ERROR - 🔴 TRADE ERROR: AttributeError - 'OrderSide' object has no attribute 'upper'
2025-09-17 05:19:41,394 - ERROR -    Trade: H/USD buy 0.0 @ 10.0% confidence
2025-09-17 05:20:14,296 - INFO - 💊 Portfolio Health: Score=0.81, Value=$435.68
2025-09-17 05:20:33,332 - INFO - 💊 Portfolio Health: Score=0.81, Value=$435.73
2025-09-17 05:20:33,332 - INFO - 🏭 Enterprise trade initiated: trade-1758100833 - Q/USD buy
2025-09-17 05:20:52,608 - INFO - 💊 Portfolio Health: Score=0.81, Value=$435.97
2025-09-17 05:20:52,608 - INFO - 💰 Liquidity request: $10.00
2025-09-17 05:21:11,584 - INFO - 🔄 Liquidation needed: $4.50 (have $5.50)
2025-09-17 05:21:30,787 - INFO - 💰 Need $10.00, have $5.50, liquidating $4.50
2025-09-17 05:21:38,026 - INFO - ✅ Liquidated 63.635066 XRP → $8.00
2025-09-17 05:21:38,027 - INFO - ✅ Liquidated XRP ($192.01)
2025-09-17 05:21:57,211 - INFO - ✅ Liquidation successful: $13.51 available
2025-09-17 05:22:00,147 - INFO - 💰 Current balance: $13.51
2025-09-17 05:22:04,241 - INFO - [order-error] Q/USD buy -> kraken {"error":["EAccount:Invalid permissions:Q trading restricted for US:PA."]}
2025-09-17 05:22:04,241 - ERROR - ❌ Safe order placement failed: kraken {"error":["EAccount:Invalid permissions:Q trading restricted for US:PA."]}
2025-09-17 05:22:23,366 - INFO - 💊 Portfolio Health: Score=0.93, Value=$435.69
2025-09-17 05:22:23,366 - WARNING - ⚠️ Enterprise trade failed: trade-1758100833 - Safe order placement error: kraken {"error":["EAccount:Invalid permissions:Q trading restricted for US:PA."]}
2025-09-17 05:22:23,366 - WARNING - ⚠️ TRADE FAILURE LOGGED: Q/USD buy
2025-09-17 05:22:23,366 - WARNING -    Error: Unknown error
2025-09-17 05:22:23,367 - WARNING -    Context: Confidence=10.0%, Signal=0.44
2025-09-17 05:24:19,671 - INFO - 💊 Portfolio Health: Score=0.93, Value=$435.26
2025-09-17 05:24:38,807 - INFO - 💊 Portfolio Health: Score=0.93, Value=$435.30
2025-09-17 05:24:38,807 - INFO - 🏭 Enterprise trade initiated: trade-1758101078 - ESX/USD buy
2025-09-17 05:24:57,772 - INFO - 💊 Portfolio Health: Score=0.93, Value=$435.35
2025-09-17 05:24:57,772 - INFO - 💰 Liquidity request: $10.00
2025-09-17 05:25:17,062 - INFO - ✅ Sufficient liquidity available: $13.51
2025-09-17 05:25:19,939 - INFO - 💰 Current balance: $13.51
2025-09-17 05:25:24,223 - INFO - [order-error] ESX/USD buy -> kraken {"error":["EAccount:Invalid permissions:ESX trading restricted for US:PA."]}
2025-09-17 05:25:24,223 - ERROR - ❌ Safe order placement failed: kraken {"error":["EAccount:Invalid permissions:ESX trading restricted for US:PA."]}
2025-09-17 05:25:43,344 - INFO - 💊 Portfolio Health: Score=0.93, Value=$435.26
2025-09-17 05:25:43,344 - WARNING - ⚠️ Enterprise trade failed: trade-1758101078 - Safe order placement error: kraken {"error":["EAccount:Invalid permissions:ESX trading restricted for US:PA."]}
2025-09-17 05:25:43,344 - WARNING - ⚠️ TRADE FAILURE LOGGED: ESX/USD buy
2025-09-17 05:25:43,344 - WARNING -    Error: Unknown error
2025-09-17 05:25:43,345 - WARNING -    Context: Confidence=10.0%, Signal=0.19
2025-09-17 05:41:03,083 - INFO - 💊 Portfolio Health: Score=0.93, Value=$435.60
2025-09-17 05:41:22,367 - INFO - 💊 Portfolio Health: Score=0.93, Value=$435.58
2025-09-17 05:41:22,368 - INFO - 🏭 Enterprise trade initiated: trade-1758102082 - ROOK/USD buy
2025-09-17 05:41:41,323 - INFO - 💊 Portfolio Health: Score=0.93, Value=$435.62
2025-09-17 05:41:41,323 - INFO - 💰 Liquidity request: $10.00
2025-09-17 05:42:00,588 - INFO - ✅ Sufficient liquidity available: $13.51
2025-09-17 05:42:03,453 - INFO - 💰 Current balance: $13.51
2025-09-17 05:42:07,702 - INFO - [order-error] ROOK/USD buy -> kraken {"error":["EAccount:Invalid permissions:ROOK trading restricted for US:PA."]}
2025-09-17 05:42:07,703 - ERROR - ❌ Safe order placement failed: kraken {"error":["EAccount:Invalid permissions:ROOK trading restricted for US:PA."]}
2025-09-17 05:42:26,927 - INFO - 💊 Portfolio Health: Score=0.93, Value=$435.83
2025-09-17 05:42:26,928 - WARNING - ⚠️ Enterprise trade failed: trade-1758102082 - Safe order placement error: kraken {"error":["EAccount:Invalid permissions:ROOK trading restricted for US:PA."]}
2025-09-17 05:42:26,928 - WARNING - ⚠️ TRADE FAILURE LOGGED: ROOK/USD buy
2025-09-17 05:42:26,928 - WARNING -    Error: Unknown error
2025-09-17 05:42:26,929 - WARNING -    Context: Confidence=10.0%, Signal=0.42
2025-09-17 05:46:20,067 - INFO - 💊 Portfolio Health: Score=0.93, Value=$436.13
2025-09-17 05:46:38,947 - INFO - 💊 Portfolio Health: Score=0.93, Value=$436.13
2025-09-17 05:46:38,948 - INFO - 🏭 Enterprise trade initiated: trade-1758102398 - DOGE/USD buy
2025-09-17 05:46:58,101 - INFO - 💊 Portfolio Health: Score=0.93, Value=$436.20
2025-09-17 05:46:58,102 - INFO - 💰 Liquidity request: $10.00
2025-09-17 05:47:17,319 - INFO - ✅ Sufficient liquidity available: $13.51
2025-09-17 05:47:20,326 - INFO - 💰 Current balance: $13.51
2025-09-17 05:47:24,533 - INFO - ✅ Safe trade executed: DOGE/USD | Amount: 29.728769 | Price: $0.2691 | Notional: $8.00
2025-09-17 05:47:43,786 - INFO - 💊 Portfolio Health: Score=0.81, Value=$436.12
2025-09-17 05:47:43,786 - INFO - ✅ Enterprise trade completed: trade-1758102398 - $8.00
2025-09-17 05:47:43,787 - ERROR - 🔴 TRADE ERROR: AttributeError - 'OrderSide' object has no attribute 'upper'
2025-09-17 05:47:43,787 - ERROR -    Trade: DOGE/USD buy 0.0 @ 10.0% confidence
2025-09-17 05:48:29,975 - INFO - 💊 Portfolio Health: Score=0.81, Value=$436.04
2025-09-17 05:48:49,047 - INFO - 💊 Portfolio Health: Score=0.81, Value=$436.03
2025-09-17 05:48:49,047 - INFO - 🏭 Enterprise trade initiated: trade-1758102529 - Q/USD buy
2025-09-17 05:49:08,267 - INFO - 💊 Portfolio Health: Score=0.81, Value=$435.83
2025-09-17 05:49:08,267 - INFO - 💰 Liquidity request: $10.00
2025-09-17 05:49:27,334 - INFO - 🔄 Liquidation needed: $4.48 (have $5.52)
2025-09-17 05:49:46,696 - INFO - 💰 Need $10.00, have $5.52, liquidating $4.48
2025-09-17 05:49:53,734 - INFO - ✅ Liquidated 60.970119 XRP → $8.00
2025-09-17 05:49:53,734 - INFO - ✅ Liquidated XRP ($184.03)
2025-09-17 05:50:12,754 - INFO - ✅ Liquidation successful: $13.53 available
2025-09-17 05:50:15,851 - INFO - 💰 Current balance: $13.53
2025-09-17 05:50:20,050 - INFO - [order-error] Q/USD buy -> kraken {"error":["EAccount:Invalid permissions:Q trading restricted for US:PA."]}
2025-09-17 05:50:20,051 - ERROR - ❌ Safe order placement failed: kraken {"error":["EAccount:Invalid permissions:Q trading restricted for US:PA."]}
2025-09-17 05:50:39,257 - INFO - 💊 Portfolio Health: Score=0.93, Value=$435.76
2025-09-17 05:50:39,257 - WARNING - ⚠️ Enterprise trade failed: trade-1758102529 - Safe order placement error: kraken {"error":["EAccount:Invalid permissions:Q trading restricted for US:PA."]}
2025-09-17 05:50:39,258 - WARNING - ⚠️ TRADE FAILURE LOGGED: Q/USD buy
2025-09-17 05:50:39,258 - WARNING -    Error: Unknown error
2025-09-17 05:50:39,258 - WARNING -    Context: Confidence=10.0%, Signal=0.17
2025-09-17 06:04:52,822 - INFO - 💊 Portfolio Health: Score=0.93, Value=$435.98
2025-09-17 06:05:12,144 - INFO - 💊 Portfolio Health: Score=0.93, Value=$435.91
2025-09-17 06:05:12,145 - INFO - 🏭 Enterprise trade initiated: trade-1758103512 - AVNT/USD buy
2025-09-17 06:05:31,146 - INFO - 💊 Portfolio Health: Score=0.93, Value=$436.09
2025-09-17 06:05:31,147 - INFO - 💰 Liquidity request: $10.00
2025-09-17 06:05:50,453 - INFO - ✅ Sufficient liquidity available: $13.53
2025-09-17 06:05:53,218 - INFO - 💰 Current balance: $13.53
2025-09-17 06:05:57,379 - INFO - [order-error] AVNT/USD buy -> kraken {"error":["EGeneral:Invalid arguments:volume minimum not met"]}
2025-09-17 06:05:57,379 - ERROR - ❌ Safe order placement failed: kraken {"error":["EGeneral:Invalid arguments:volume minimum not met"]}
2025-09-17 06:06:16,498 - INFO - 💊 Portfolio Health: Score=0.93, Value=$436.21
2025-09-17 06:06:16,498 - WARNING - ⚠️ Enterprise trade failed: trade-1758103512 - Safe order placement error: kraken {"error":["EGeneral:Invalid arguments:volume minimum not met"]}
2025-09-17 06:06:16,498 - WARNING - ⚠️ TRADE FAILURE LOGGED: AVNT/USD buy
2025-09-17 06:06:16,498 - WARNING -    Error: Unknown error
2025-09-17 06:06:16,499 - WARNING -    Context: Confidence=10.0%, Signal=0.17
2025-09-17 06:06:51,562 - INFO - 💊 Portfolio Health: Score=0.93, Value=$436.32
2025-09-17 06:07:10,941 - INFO - 💊 Portfolio Health: Score=0.93, Value=$436.34
2025-09-17 06:07:10,941 - INFO - 🏭 Enterprise trade initiated: trade-1758103630 - GHIBLI/USD buy
2025-09-17 06:07:29,851 - INFO - 💊 Portfolio Health: Score=0.93, Value=$436.44
2025-09-17 06:07:29,852 - INFO - 💰 Liquidity request: $10.00
2025-09-17 06:07:48,891 - INFO - ✅ Sufficient liquidity available: $13.53
2025-09-17 06:07:51,996 - INFO - 💰 Current balance: $13.53
2025-09-17 06:07:56,333 - INFO - ✅ Safe trade executed: GHIBLI/USD | Amount: 4812.695890 | Price: $0.0017 | Notional: $8.00
2025-09-17 06:08:16,603 - INFO - 💊 Portfolio Health: Score=0.81, Value=$436.65
2025-09-17 06:08:16,603 - INFO - ✅ Enterprise trade completed: trade-1758103630 - $8.00
2025-09-17 06:08:16,603 - ERROR - 🔴 TRADE ERROR: AttributeError - 'OrderSide' object has no attribute 'upper'
2025-09-17 06:08:16,603 - ERROR -    Trade: GHIBLI/USD buy 0.0 @ 10.0% confidence
2025-09-17 06:08:39,376 - INFO - 💊 Portfolio Health: Score=0.81, Value=$436.74
2025-09-17 06:08:59,585 - INFO - 💊 Portfolio Health: Score=0.81, Value=$436.75
2025-09-17 06:08:59,585 - INFO - 🏭 Enterprise trade initiated: trade-1758103739 - MERL/USD buy
2025-09-17 06:09:19,850 - INFO - 💊 Portfolio Health: Score=0.81, Value=$436.85
2025-09-17 06:09:19,850 - INFO - 💰 Liquidity request: $10.00
2025-09-17 06:09:39,757 - INFO - 🔄 Liquidation needed: $4.51 (have $5.49)
2025-09-17 06:09:59,909 - INFO - 💰 Need $10.00, have $5.49, liquidating $4.51
2025-09-17 06:10:07,378 - INFO - ✅ Liquidated 58.306301 XRP → $8.00
2025-09-17 06:10:07,379 - INFO - ✅ Liquidated XRP ($176.04)
2025-09-17 06:10:27,571 - INFO - ✅ Liquidation successful: $13.50 available
2025-09-17 06:10:30,727 - INFO - 💰 Current balance: $13.50
2025-09-17 06:10:34,873 - INFO - ✅ Safe trade executed: MERL/USD | Amount: 44.670020 | Price: $0.1791 | Notional: $8.00
2025-09-17 06:10:55,996 - INFO - 💊 Portfolio Health: Score=0.81, Value=$436.43
2025-09-17 06:10:55,996 - INFO - ✅ Enterprise trade completed: trade-1758103739 - $8.00
2025-09-17 06:10:55,997 - ERROR - 🔴 TRADE ERROR: AttributeError - 'OrderSide' object has no attribute 'upper'
2025-09-17 06:10:55,997 - ERROR -    Trade: MERL/USD buy 0.0 @ 10.0% confidence
2025-09-17 06:15:26,607 - INFO - 💊 Portfolio Health: Score=0.81, Value=$437.00
2025-09-17 06:15:47,586 - INFO - 💊 Portfolio Health: Score=0.81, Value=$437.02
2025-09-17 06:15:47,586 - INFO - 🏭 Enterprise trade initiated: trade-1758104147 - METH/USD buy
2025-09-17 06:16:08,757 - INFO - 💊 Portfolio Health: Score=0.81, Value=$436.89
2025-09-17 06:16:08,757 - INFO - 💰 Liquidity request: $10.00
2025-09-17 06:16:30,156 - INFO - 🔄 Liquidation needed: $4.52 (have $5.48)
2025-09-17 06:16:51,029 - INFO - 💰 Need $10.00, have $5.48, liquidating $4.52
2025-09-17 06:16:58,167 - INFO - ✅ Liquidated 55.643286 XRP → $8.00
2025-09-17 06:16:58,167 - INFO - ✅ Liquidated XRP ($168.04)
2025-09-17 06:17:19,477 - INFO - ✅ Liquidation successful: $13.49 available
2025-09-17 06:17:22,588 - INFO - 💰 Current balance: $13.49
2025-09-17 06:17:26,813 - INFO - [order-error] METH/USD buy -> kraken {"error":["EAccount:Invalid permissions:METH trading restricted for US:PA."]}
2025-09-17 06:17:26,814 - ERROR - ❌ Safe order placement failed: kraken {"error":["EAccount:Invalid permissions:METH trading restricted for US:PA."]}
2025-09-17 06:17:47,914 - INFO - 💊 Portfolio Health: Score=0.93, Value=$436.53
2025-09-17 06:17:47,914 - WARNING - ⚠️ Enterprise trade failed: trade-1758104147 - Safe order placement error: kraken {"error":["EAccount:Invalid permissions:METH trading restricted for US:PA."]}
2025-09-17 06:17:47,914 - WARNING - ⚠️ TRADE FAILURE LOGGED: METH/USD buy
2025-09-17 06:17:47,914 - WARNING -    Error: Unknown error
2025-09-17 06:17:47,914 - WARNING -    Context: Confidence=10.0%, Signal=0.42
2025-09-17 06:19:46,283 - INFO - 💊 Portfolio Health: Score=0.93, Value=$437.18
2025-09-17 06:20:07,407 - INFO - 💊 Portfolio Health: Score=0.93, Value=$437.28
2025-09-17 06:20:07,407 - INFO - 🏭 Enterprise trade initiated: trade-1758104407 - CLOUD/USD buy
2025-09-17 06:20:28,798 - INFO - 💊 Portfolio Health: Score=0.93, Value=$436.76
2025-09-17 06:20:28,798 - INFO - 💰 Liquidity request: $10.00
2025-09-17 06:20:49,724 - INFO - ✅ Sufficient liquidity available: $13.49
2025-09-17 06:20:52,812 - INFO - 💰 Current balance: $13.49
2025-09-17 06:20:56,970 - INFO - [order-error] CLOUD/USD buy -> kraken {"error":["EAccount:Invalid permissions:CLOUD trading restricted for US:PA."]}
2025-09-17 06:20:56,970 - ERROR - ❌ Safe order placement failed: kraken {"error":["EAccount:Invalid permissions:CLOUD trading restricted for US:PA."]}
2025-09-17 06:21:18,108 - INFO - 💊 Portfolio Health: Score=0.93, Value=$436.21
2025-09-17 06:21:18,109 - WARNING - ⚠️ Enterprise trade failed: trade-1758104407 - Safe order placement error: kraken {"error":["EAccount:Invalid permissions:CLOUD trading restricted for US:PA."]}
2025-09-17 06:21:18,109 - WARNING - ⚠️ TRADE FAILURE LOGGED: CLOUD/USD buy
2025-09-17 06:21:18,109 - WARNING -    Error: Unknown error
2025-09-17 06:21:18,110 - WARNING -    Context: Confidence=10.0%, Signal=0.17
2025-09-17 06:23:36,637 - INFO - 💊 Portfolio Health: Score=0.93, Value=$435.93
2025-09-17 06:23:57,671 - INFO - 💊 Portfolio Health: Score=0.93, Value=$435.78
2025-09-17 06:23:57,672 - INFO - 🏭 Enterprise trade initiated: trade-1758104637 - AVNT/USD buy
2025-09-17 06:24:18,809 - INFO - 💊 Portfolio Health: Score=0.93, Value=$435.65
2025-09-17 06:24:18,810 - INFO - 💰 Liquidity request: $10.00
2025-09-17 06:24:40,037 - INFO - ✅ Sufficient liquidity available: $13.49
2025-09-17 06:24:43,061 - INFO - 💰 Current balance: $13.49
2025-09-17 06:24:47,416 - INFO - [order-error] AVNT/USD buy -> kraken {"error":["EGeneral:Invalid arguments:volume minimum not met"]}
2025-09-17 06:24:47,416 - ERROR - ❌ Safe order placement failed: kraken {"error":["EGeneral:Invalid arguments:volume minimum not met"]}
2025-09-17 06:25:08,628 - INFO - 💊 Portfolio Health: Score=0.93, Value=$435.46
2025-09-17 06:25:08,628 - WARNING - ⚠️ Enterprise trade failed: trade-1758104637 - Safe order placement error: kraken {"error":["EGeneral:Invalid arguments:volume minimum not met"]}
2025-09-17 06:25:08,628 - WARNING - ⚠️ TRADE FAILURE LOGGED: AVNT/USD buy
2025-09-17 06:25:08,629 - WARNING -    Error: Unknown error
2025-09-17 06:25:08,629 - WARNING -    Context: Confidence=10.0%, Signal=0.19
2025-09-17 06:28:19,882 - INFO - 💊 Portfolio Health: Score=0.93, Value=$435.07
2025-09-17 06:28:41,098 - INFO - 💊 Portfolio Health: Score=0.93, Value=$435.04
2025-09-17 06:28:41,099 - INFO - 🏭 Enterprise trade initiated: trade-1758104921 - TOSHI/USD buy
2025-09-17 06:29:02,391 - INFO - 💊 Portfolio Health: Score=0.93, Value=$434.72
2025-09-17 06:29:02,391 - INFO - 💰 Liquidity request: $10.00
2025-09-17 06:29:23,311 - INFO - ✅ Sufficient liquidity available: $13.49
2025-09-17 06:29:26,404 - INFO - 💰 Current balance: $13.49
2025-09-17 06:29:30,799 - INFO - ✅ Safe trade executed: TOSHI/USD | Amount: 8487.257000 | Price: $0.0009 | Notional: $8.00
2025-09-17 06:29:51,933 - INFO - 💊 Portfolio Health: Score=0.81, Value=$435.02
2025-09-17 06:29:51,934 - INFO - ✅ Enterprise trade completed: trade-1758104921 - $8.00
2025-09-17 06:29:51,934 - ERROR - 🔴 TRADE ERROR: AttributeError - 'OrderSide' object has no attribute 'upper'
2025-09-17 06:29:51,934 - ERROR -    Trade: TOSHI/USD buy 0.0 @ 10.0% confidence
2025-09-17 06:42:33,051 - INFO - 💊 Portfolio Health: Score=0.81, Value=$435.74
2025-09-17 06:42:54,331 - INFO - 💊 Portfolio Health: Score=0.81, Value=$435.35
2025-09-17 06:42:54,332 - INFO - 🏭 Enterprise trade initiated: trade-1758105774 - Q/USD buy
2025-09-17 06:43:15,334 - INFO - 💊 Portfolio Health: Score=0.81, Value=$435.84
2025-09-17 06:43:15,335 - INFO - 💰 Liquidity request: $10.00
2025-09-17 06:43:36,444 - INFO - 🔄 Liquidation needed: $4.51 (have $5.49)
2025-09-17 06:43:57,531 - INFO - 💰 Need $10.00, have $5.49, liquidating $4.51
2025-09-17 06:44:04,764 - INFO - ✅ Liquidated 52.980880 XRP → $8.00
2025-09-17 06:44:04,765 - INFO - ✅ Liquidated XRP ($159.58)
2025-09-17 06:44:25,826 - INFO - ✅ Liquidation successful: $13.50 available
2025-09-17 06:44:28,929 - INFO - 💰 Current balance: $13.50
2025-09-17 06:44:33,212 - INFO - [order-error] Q/USD buy -> kraken {"error":["EAccount:Invalid permissions:Q trading restricted for US:PA."]}
2025-09-17 06:44:33,213 - ERROR - ❌ Safe order placement failed: kraken {"error":["EAccount:Invalid permissions:Q trading restricted for US:PA."]}
2025-09-17 06:44:54,346 - INFO - 💊 Portfolio Health: Score=0.93, Value=$435.41
2025-09-17 06:44:54,346 - WARNING - ⚠️ Enterprise trade failed: trade-1758105774 - Safe order placement error: kraken {"error":["EAccount:Invalid permissions:Q trading restricted for US:PA."]}
2025-09-17 06:44:54,347 - WARNING - ⚠️ TRADE FAILURE LOGGED: Q/USD buy
2025-09-17 06:44:54,347 - WARNING -    Error: Unknown error
2025-09-17 06:44:54,347 - WARNING -    Context: Confidence=10.0%, Signal=0.17
2025-09-17 06:46:39,201 - INFO - 💊 Portfolio Health: Score=0.93, Value=$436.39
2025-09-17 06:47:00,270 - INFO - 💊 Portfolio Health: Score=0.93, Value=$436.56
2025-09-17 06:47:00,271 - INFO - 🏭 Enterprise trade initiated: trade-1758106020 - CCD/USD buy
2025-09-17 06:47:21,421 - INFO - 💊 Portfolio Health: Score=0.93, Value=$436.48
2025-09-17 06:47:21,421 - INFO - 💰 Liquidity request: $10.00
2025-09-17 06:47:42,628 - INFO - ✅ Sufficient liquidity available: $13.50
2025-09-17 06:47:45,653 - INFO - 💰 Current balance: $13.50
2025-09-17 06:47:49,784 - INFO - ✅ Safe trade executed: CCD/USD | Amount: 909.529000 | Price: $0.0088 | Notional: $8.00
2025-09-17 06:48:10,925 - INFO - 💊 Portfolio Health: Score=0.81, Value=$436.62
2025-09-17 06:48:10,926 - INFO - ✅ Enterprise trade completed: trade-1758106020 - $8.00
2025-09-17 06:48:10,926 - ERROR - 🔴 TRADE ERROR: AttributeError - 'OrderSide' object has no attribute 'upper'
2025-09-17 06:48:10,926 - ERROR -    Trade: CCD/USD buy 0.0 @ 10.0% confidence
2025-09-17 06:57:09,954 - INFO - 💊 Portfolio Health: Score=0.81, Value=$435.85
2025-09-17 06:57:31,019 - INFO - 💊 Portfolio Health: Score=0.81, Value=$435.98
2025-09-17 06:57:31,019 - INFO - 🏭 Enterprise trade initiated: trade-1758106651 - H/USD buy
2025-09-17 06:57:52,393 - INFO - 💊 Portfolio Health: Score=0.81, Value=$435.89
2025-09-17 06:57:52,393 - INFO - 💰 Liquidity request: $10.00
2025-09-17 06:58:13,181 - INFO - 🔄 Liquidation needed: $4.46 (have $5.54)
2025-09-17 06:58:34,396 - INFO - 💰 Need $10.00, have $5.54, liquidating $4.46
2025-09-17 06:58:41,552 - INFO - ✅ Liquidated 50.311481 XRP → $8.00
2025-09-17 06:58:41,553 - INFO - ✅ Liquidated XRP ($151.60)
2025-09-17 06:59:02,679 - INFO - ✅ Liquidation successful: $13.55 available
2025-09-17 06:59:05,692 - INFO - 💰 Current balance: $13.55
2025-09-17 06:59:10,069 - INFO - ✅ Safe trade executed: H/USD | Amount: 151.478570 | Price: $0.0528 | Notional: $8.00
2025-09-17 06:59:30,970 - INFO - 💊 Portfolio Health: Score=0.81, Value=$435.97
2025-09-17 06:59:30,970 - INFO - ✅ Enterprise trade completed: trade-1758106651 - $8.00
2025-09-17 06:59:30,971 - ERROR - 🔴 TRADE ERROR: AttributeError - 'OrderSide' object has no attribute 'upper'
2025-09-17 06:59:30,971 - ERROR -    Trade: H/USD buy 0.0 @ 10.0% confidence
2025-09-17 07:00:14,690 - INFO - 💊 Portfolio Health: Score=0.81, Value=$435.40
2025-09-17 07:00:35,892 - INFO - 💊 Portfolio Health: Score=0.81, Value=$435.07
2025-09-17 07:00:35,892 - INFO - 🏭 Enterprise trade initiated: trade-1758106835 - TOSHI/USD buy
2025-09-17 07:00:57,041 - INFO - 💊 Portfolio Health: Score=0.81, Value=$435.30
2025-09-17 07:00:57,041 - INFO - 💰 Liquidity request: $10.00
2025-09-17 07:01:18,311 - INFO - 🔄 Liquidation needed: $4.51 (have $5.49)
2025-09-17 07:01:39,306 - INFO - 💰 Need $10.00, have $5.49, liquidating $4.51
2025-09-17 07:01:46,675 - INFO - ✅ Liquidated 47.643863 XRP → $8.00
2025-09-17 07:01:46,675 - INFO - ✅ Liquidated XRP ($143.60)
2025-09-17 07:02:07,503 - INFO - ✅ Liquidation successful: $13.50 available
2025-09-17 07:02:10,593 - INFO - 💰 Current balance: $13.50
2025-09-17 07:02:14,647 - INFO - ✅ Safe trade executed: TOSHI/USD | Amount: 8378.274000 | Price: $0.0010 | Notional: $8.00
2025-09-17 07:02:35,716 - INFO - 💊 Portfolio Health: Score=0.81, Value=$435.25
2025-09-17 07:02:35,716 - INFO - ✅ Enterprise trade completed: trade-1758106835 - $8.00
2025-09-17 07:02:35,717 - ERROR - 🔴 TRADE ERROR: AttributeError - 'OrderSide' object has no attribute 'upper'
2025-09-17 07:02:35,717 - ERROR -    Trade: TOSHI/USD buy 0.0 @ 10.0% confidence
2025-09-17 07:04:02,752 - INFO - 💊 Portfolio Health: Score=0.81, Value=$435.40
2025-09-17 07:04:23,966 - INFO - 💊 Portfolio Health: Score=0.81, Value=$435.39
2025-09-17 07:04:23,966 - INFO - 🏭 Enterprise trade initiated: trade-1758107063 - ANON/USD buy
2025-09-17 07:04:45,191 - INFO - 💊 Portfolio Health: Score=0.81, Value=$435.39
2025-09-17 07:04:45,191 - INFO - 💰 Liquidity request: $10.00
2025-09-17 07:05:06,243 - INFO - 🔄 Liquidation needed: $4.49 (have $5.51)
2025-09-17 07:05:27,390 - INFO - 💰 Need $10.00, have $5.51, liquidating $4.49
2025-09-17 07:05:34,686 - INFO - ✅ Liquidated 44.976245 XRP → $8.00
2025-09-17 07:05:34,687 - INFO - ✅ Liquidated XRP ($135.57)
2025-09-17 07:05:55,611 - INFO - ✅ Liquidation successful: $13.51 available
2025-09-17 07:05:58,723 - INFO - 💰 Current balance: $13.51
2025-09-17 07:06:02,793 - INFO - ✅ Safe trade executed: ANON/USD | Amount: 4.109550 | Price: $1.9467 | Notional: $8.00
2025-09-17 07:06:23,900 - INFO - 💊 Portfolio Health: Score=0.81, Value=$435.65
2025-09-17 07:06:23,901 - INFO - ✅ Enterprise trade completed: trade-1758107063 - $8.00
2025-09-17 07:06:23,901 - ERROR - 🔴 TRADE ERROR: AttributeError - 'OrderSide' object has no attribute 'upper'
2025-09-17 07:06:23,901 - ERROR -    Trade: ANON/USD buy 0.0 @ 10.0% confidence
2025-09-17 07:11:38,361 - INFO - 💊 Portfolio Health: Score=0.81, Value=$436.22
2025-09-17 07:11:59,496 - INFO - 💊 Portfolio Health: Score=0.81, Value=$436.33
2025-09-17 07:11:59,497 - INFO - 🏭 Enterprise trade initiated: trade-1758107519 - Q/USD buy
2025-09-17 07:12:20,644 - INFO - 💊 Portfolio Health: Score=0.81, Value=$436.66
2025-09-17 07:12:20,645 - INFO - 💰 Liquidity request: $10.00
2025-09-17 07:12:41,727 - INFO - 🔄 Liquidation needed: $4.73 (have $5.27)
2025-09-17 07:13:02,913 - INFO - 💰 Need $10.00, have $5.27, liquidating $4.73
2025-09-17 07:13:10,166 - INFO - ✅ Liquidated 42.308946 XRP → $8.00
2025-09-17 07:13:10,166 - INFO - ✅ Liquidated XRP ($127.55)
2025-09-17 07:13:31,212 - INFO - ✅ Liquidation successful: $13.28 available
2025-09-17 07:13:34,227 - INFO - 💰 Current balance: $13.28
2025-09-17 07:13:38,428 - INFO - [order-error] Q/USD buy -> kraken {"error":["EAccount:Invalid permissions:Q trading restricted for US:PA."]}
2025-09-17 07:13:38,428 - ERROR - ❌ Safe order placement failed: kraken {"error":["EAccount:Invalid permissions:Q trading restricted for US:PA."]}
2025-09-17 07:30:33,696 - WARNING - Could not get USD value for DOGE: kraken GET https://api.kraken.com/0/public/Ticker?pair=XDGUSD
2025-09-17 07:30:34,664 - INFO - 💊 Portfolio Health: Score=0.93, Value=$405.73
2025-09-17 07:30:34,665 - WARNING - ⚠️ Enterprise trade failed: trade-1758107519 - Safe order placement error: kraken {"error":["EAccount:Invalid permissions:Q trading restricted for US:PA."]}
2025-09-17 07:30:34,665 - WARNING - ⚠️ TRADE FAILURE LOGGED: Q/USD buy
2025-09-17 07:30:34,665 - WARNING -    Error: Unknown error
2025-09-17 07:30:34,666 - WARNING -    Context: Confidence=10.0%, Signal=0.44
2025-09-17 08:04:49,093 - ERROR - Error fetching portfolio value: kraken POST https://api.kraken.com/0/private/BalanceEx
2025-09-17 08:04:49,093 - INFO - 💊 Portfolio Health: Score=0.25, Value=$0.00
2025-09-17 08:05:22,751 - INFO - 💊 Portfolio Health: Score=0.93, Value=$435.20
2025-09-17 08:05:43,968 - INFO - 💊 Portfolio Health: Score=0.93, Value=$435.25
2025-09-17 08:05:43,969 - INFO - 🏭 Enterprise trade initiated: trade-1758110743 - PSTAKE/USD buy
2025-09-17 08:06:04,891 - INFO - 💊 Portfolio Health: Score=0.93, Value=$435.21
2025-09-17 08:06:04,891 - INFO - 💰 Liquidity request: $10.00
2025-09-17 08:06:25,981 - INFO - ✅ Sufficient liquidity available: $13.28
2025-09-17 08:06:28,995 - INFO - 💰 Current balance: $13.28
2025-09-17 08:06:33,120 - INFO - [order-error] PSTAKE/USD buy -> kraken {"error":["EAccount:Invalid permissions:PSTAKE trading restricted for US:PA."]}
2025-09-17 08:06:33,121 - ERROR - ❌ Safe order placement failed: kraken {"error":["EAccount:Invalid permissions:PSTAKE trading restricted for US:PA."]}
2025-09-17 08:06:54,124 - INFO - 💊 Portfolio Health: Score=0.93, Value=$435.03
2025-09-17 08:06:54,125 - WARNING - ⚠️ Enterprise trade failed: trade-1758110743 - Safe order placement error: kraken {"error":["EAccount:Invalid permissions:PSTAKE trading restricted for US:PA."]}
2025-09-17 08:06:54,125 - WARNING - ⚠️ TRADE FAILURE LOGGED: PSTAKE/USD buy
2025-09-17 08:06:54,125 - WARNING -    Error: Unknown error
2025-09-17 08:06:54,125 - WARNING -    Context: Confidence=10.0%, Signal=0.44
2025-09-17 08:07:20,299 - INFO - 💊 Portfolio Health: Score=0.93, Value=$435.02
2025-09-17 08:07:41,528 - INFO - 💊 Portfolio Health: Score=0.93, Value=$434.93
2025-09-17 08:07:41,529 - INFO - 🏭 Enterprise trade initiated: trade-1758110861 - STBL/USD buy
2025-09-17 08:08:02,639 - INFO - 💊 Portfolio Health: Score=0.93, Value=$435.01
2025-09-17 08:08:02,640 - INFO - 💰 Liquidity request: $10.00
2025-09-17 08:08:23,734 - INFO - ✅ Sufficient liquidity available: $13.28
2025-09-17 08:08:26,543 - INFO - 💰 Current balance: $13.28
2025-09-17 08:08:31,105 - INFO - [order-error] STBL/USD buy -> kraken {"error":["EAccount:Invalid permissions:STBL trading restricted for US:PA."]}
2025-09-17 08:08:31,105 - ERROR - ❌ Safe order placement failed: kraken {"error":["EAccount:Invalid permissions:STBL trading restricted for US:PA."]}
2025-09-17 08:08:52,105 - INFO - 💊 Portfolio Health: Score=0.93, Value=$435.13
2025-09-17 08:08:52,106 - WARNING - ⚠️ Enterprise trade failed: trade-1758110861 - Safe order placement error: kraken {"error":["EAccount:Invalid permissions:STBL trading restricted for US:PA."]}
2025-09-17 08:08:52,106 - WARNING - ⚠️ TRADE FAILURE LOGGED: STBL/USD buy
2025-09-17 08:08:52,106 - WARNING -    Error: Unknown error
2025-09-17 08:08:52,106 - WARNING -    Context: Confidence=10.0%, Signal=0.42
2025-09-17 08:10:59,434 - INFO - 💊 Portfolio Health: Score=0.93, Value=$435.59
2025-09-17 08:11:20,424 - INFO - 💊 Portfolio Health: Score=0.93, Value=$435.68
2025-09-17 08:11:20,425 - INFO - 🏭 Enterprise trade initiated: trade-1758111080 - MOODENG/USD buy
2025-09-17 08:11:41,577 - INFO - 💊 Portfolio Health: Score=0.93, Value=$435.67
2025-09-17 08:11:41,578 - INFO - 💰 Liquidity request: $10.00
2025-09-17 08:12:02,978 - INFO - ✅ Sufficient liquidity available: $13.28
2025-09-17 08:12:05,736 - INFO - 💰 Current balance: $13.28
2025-09-17 08:12:09,940 - INFO - ✅ Safe trade executed: MOODENG/USD | Amount: 44.445850 | Price: $0.1792 | Notional: $7.97
2025-09-17 08:12:30,921 - INFO - 💊 Portfolio Health: Score=0.81, Value=$435.72
2025-09-17 08:12:30,921 - INFO - ✅ Enterprise trade completed: trade-1758111080 - $7.97
2025-09-17 08:12:30,922 - ERROR - 🔴 TRADE ERROR: AttributeError - 'OrderSide' object has no attribute 'upper'
2025-09-17 08:12:30,922 - ERROR -    Trade: MOODENG/USD buy 0.0 @ 10.0% confidence
2025-09-17 08:14:22,694 - INFO - 💊 Portfolio Health: Score=0.81, Value=$436.34
2025-09-17 08:14:44,030 - INFO - 💊 Portfolio Health: Score=0.81, Value=$436.38
2025-09-17 08:14:44,030 - INFO - 🏭 Enterprise trade initiated: trade-1758111284 - AVNT/USD buy
2025-09-17 08:15:05,014 - INFO - 💊 Portfolio Health: Score=0.81, Value=$436.42
2025-09-17 08:15:05,014 - INFO - 💰 Liquidity request: $10.00
2025-09-17 08:15:26,347 - INFO - 🔄 Liquidation needed: $4.68 (have $5.32)
2025-09-17 08:15:47,329 - INFO - 💰 Need $10.00, have $5.32, liquidating $4.68
2025-09-17 08:15:54,527 - INFO - ✅ Liquidated 39.641876 XRP → $8.00
2025-09-17 08:15:54,528 - INFO - ✅ Liquidated XRP ($119.63)
2025-09-17 08:16:15,639 - INFO - ✅ Liquidation successful: $13.32 available
2025-09-17 08:16:18,658 - INFO - 💰 Current balance: $13.32
2025-09-17 08:16:22,816 - INFO - [order-error] AVNT/USD buy -> kraken {"error":["EGeneral:Invalid arguments:volume minimum not met"]}
2025-09-17 08:16:22,816 - ERROR - ❌ Safe order placement failed: kraken {"error":["EGeneral:Invalid arguments:volume minimum not met"]}
2025-09-17 08:16:43,856 - INFO - 💊 Portfolio Health: Score=0.93, Value=$436.00
2025-09-17 08:16:43,857 - WARNING - ⚠️ Enterprise trade failed: trade-1758111284 - Safe order placement error: kraken {"error":["EGeneral:Invalid arguments:volume minimum not met"]}
2025-09-17 08:16:43,857 - WARNING - ⚠️ TRADE FAILURE LOGGED: AVNT/USD buy
2025-09-17 08:16:43,857 - WARNING -    Error: Unknown error
2025-09-17 08:16:43,857 - WARNING -    Context: Confidence=10.0%, Signal=0.17
2025-09-17 08:17:23,233 - INFO - 💊 Portfolio Health: Score=0.93, Value=$435.93
2025-09-17 08:17:44,500 - INFO - 💊 Portfolio Health: Score=0.93, Value=$435.79
2025-09-17 08:17:44,501 - INFO - 🏭 Enterprise trade initiated: trade-1758111464 - H/USD buy
2025-09-17 08:18:05,387 - INFO - 💊 Portfolio Health: Score=0.93, Value=$435.91
2025-09-17 08:18:05,387 - INFO - 💰 Liquidity request: $10.00
2025-09-17 08:18:26,612 - INFO - ✅ Sufficient liquidity available: $13.32
2025-09-17 08:18:29,645 - INFO - 💰 Current balance: $13.32
2025-09-17 08:18:33,846 - INFO - ✅ Safe trade executed: H/USD | Amount: 149.155210 | Price: $0.0536 | Notional: $7.99
2025-09-17 08:18:55,145 - INFO - 💊 Portfolio Health: Score=0.81, Value=$435.71
2025-09-17 08:18:55,145 - INFO - ✅ Enterprise trade completed: trade-1758111464 - $7.99
2025-09-17 08:18:55,146 - ERROR - 🔴 TRADE ERROR: AttributeError - 'OrderSide' object has no attribute 'upper'
2025-09-17 08:18:55,146 - ERROR -    Trade: H/USD buy 0.0 @ 10.0% confidence
2025-09-17 08:23:06,106 - INFO - 💊 Portfolio Health: Score=0.81, Value=$435.05
2025-09-17 08:23:27,097 - INFO - 💊 Portfolio Health: Score=0.81, Value=$434.88
2025-09-17 08:23:27,098 - INFO - 🏭 Enterprise trade initiated: trade-1758111807 - CLOUD/USD buy
2025-09-17 08:23:48,249 - INFO - 💊 Portfolio Health: Score=0.81, Value=$434.75
2025-09-17 08:23:48,249 - INFO - 💰 Liquidity request: $10.00
2025-09-17 08:24:09,595 - INFO - 🔄 Liquidation needed: $4.67 (have $5.33)
2025-09-17 08:24:30,689 - INFO - 💰 Need $10.00, have $5.33, liquidating $4.67
2025-09-17 08:24:37,894 - INFO - ✅ Liquidated 36.977573 XRP → $8.00
2025-09-17 08:24:37,894 - INFO - ✅ Liquidated XRP ($111.80)
2025-09-17 08:24:59,045 - INFO - ✅ Liquidation successful: $13.34 available
2025-09-17 08:25:02,061 - INFO - 💰 Current balance: $13.34
2025-09-17 08:25:06,370 - INFO - [order-error] CLOUD/USD buy -> kraken {"error":["EAccount:Invalid permissions:CLOUD trading restricted for US:PA."]}
2025-09-17 08:25:06,371 - ERROR - ❌ Safe order placement failed: kraken {"error":["EAccount:Invalid permissions:CLOUD trading restricted for US:PA."]}
2025-09-17 08:25:27,420 - INFO - 💊 Portfolio Health: Score=0.93, Value=$435.35
2025-09-17 08:25:27,421 - WARNING - ⚠️ Enterprise trade failed: trade-1758111807 - Safe order placement error: kraken {"error":["EAccount:Invalid permissions:CLOUD trading restricted for US:PA."]}
2025-09-17 08:25:27,421 - WARNING - ⚠️ TRADE FAILURE LOGGED: CLOUD/USD buy
2025-09-17 08:25:27,422 - WARNING -    Error: Unknown error
2025-09-17 08:25:27,422 - WARNING -    Context: Confidence=10.0%, Signal=0.17
2025-09-17 08:26:11,189 - INFO - 💊 Portfolio Health: Score=0.93, Value=$435.26
2025-09-17 08:26:32,122 - INFO - 💊 Portfolio Health: Score=0.93, Value=$435.36
2025-09-17 08:26:32,123 - INFO - 🏭 Enterprise trade initiated: trade-1758111992 - MOODENG/USD buy
2025-09-17 08:26:53,201 - INFO - 💊 Portfolio Health: Score=0.93, Value=$435.57
2025-09-17 08:26:53,202 - INFO - 💰 Liquidity request: $10.00
2025-09-17 08:27:14,208 - INFO - ✅ Sufficient liquidity available: $13.34
2025-09-17 08:27:17,283 - INFO - 💰 Current balance: $13.34
2025-09-17 08:27:21,495 - INFO - ✅ Safe trade executed: MOODENG/USD | Amount: 44.527590 | Price: $0.1797 | Notional: $8.00
2025-09-17 08:27:42,499 - INFO - 💊 Portfolio Health: Score=0.81, Value=$435.59
2025-09-17 08:27:42,499 - INFO - ✅ Enterprise trade completed: trade-1758111992 - $8.00
2025-09-17 08:27:42,499 - ERROR - 🔴 TRADE ERROR: AttributeError - 'OrderSide' object has no attribute 'upper'
2025-09-17 08:27:42,500 - ERROR -    Trade: MOODENG/USD buy 0.0 @ 10.0% confidence
2025-09-17 08:29:34,017 - INFO - 💊 Portfolio Health: Score=0.81, Value=$436.13
2025-09-17 08:29:55,125 - INFO - 💊 Portfolio Health: Score=0.81, Value=$436.20
2025-09-17 08:29:55,126 - INFO - 🏭 Enterprise trade initiated: trade-1758112195 - AVNT/USD buy
2025-09-17 08:30:16,255 - INFO - 💊 Portfolio Health: Score=0.81, Value=$436.22
2025-09-17 08:30:16,255 - INFO - 💰 Liquidity request: $10.00
2025-09-17 08:30:37,362 - INFO - 🔄 Liquidation needed: $4.67 (have $5.33)
2025-09-17 08:30:58,578 - INFO - 💰 Need $10.00, have $5.33, liquidating $4.67
2025-09-17 08:31:05,668 - INFO - ✅ Liquidated 34.318328 XRP → $8.00
2025-09-17 08:31:05,668 - INFO - ✅ Liquidated XRP ($103.78)
2025-09-17 08:31:26,826 - INFO - ✅ Liquidation successful: $13.34 available
2025-09-17 08:31:29,922 - INFO - 💰 Current balance: $13.34
2025-09-17 08:31:34,016 - INFO - [order-error] AVNT/USD buy -> kraken {"error":["EGeneral:Invalid arguments:volume minimum not met"]}
2025-09-17 08:31:34,016 - ERROR - ❌ Safe order placement failed: kraken {"error":["EGeneral:Invalid arguments:volume minimum not met"]}
2025-09-17 08:31:55,193 - INFO - 💊 Portfolio Health: Score=0.93, Value=$436.15
2025-09-17 08:31:55,193 - WARNING - ⚠️ Enterprise trade failed: trade-1758112195 - Safe order placement error: kraken {"error":["EGeneral:Invalid arguments:volume minimum not met"]}
2025-09-17 08:31:55,193 - WARNING - ⚠️ TRADE FAILURE LOGGED: AVNT/USD buy
2025-09-17 08:31:55,194 - WARNING -    Error: Unknown error
2025-09-17 08:31:55,194 - WARNING -    Context: Confidence=10.0%, Signal=0.17
