🔗 Supply Chain signals: ENABLED
🧠 Advanced Pattern Recognition Engine: ENABLED
🔥 STARTING PAPER TRADING SESSION
============================================================
⏱️  Duration: 2.0 hours
💰 Starting Budget: $100.00
⚡ Rate: 2 trades/minute
📊 Position Size: 1.0%-65.0% (dynamic based on confidence)
📈 Symbols: 18 cryptocurrencies
🎯 Session ID: rapid_training_1758011856

💎 ULTRA-HIGH QUALITY TRADE DETECTED - Boosting position size!
🚀 TRADE: SELL ALGO/USDT @ $0.2350 | $56.25 (239.3311 shares) [56.2%] | RSI 100.0 | Sent 0.07 | SC 0.90 | BR 0.81 | AF 0.91 | Confidence 75.0% | loss -1.1% | Balance: $99.37
💎 ULTRA-HIGH QUALITY TRADE DETECTED - Boosting position size!
🚀 TRADE: BUY DOGE/USDT @ $0.2673 | $64.59 (241.6501 shares) [65.0%] | RSI 0.0 | Sent 0.36 | SC 1.10 | BR 1.16 | AF 1.13 | Confidence 84.0% | loss -1.1% | Balance: $98.63
💎 ULTRA-HIGH QUALITY TRADE DETECTED - Boosting position size!
🚀 TRADE: SELL KAS/USDT @ $0.0852 | $53.68 (630.1001 shares) [54.4%] | RSI 100.0 | Sent -0.26 | SC 1.00 | BR 0.83 | AF 0.91 | Confidence 73.8% | profit 2.5% | Balance: $99.95
💎 ULTRA-HIGH QUALITY TRADE DETECTED - Boosting position size!
🚀 TRADE: SELL DOT/USDT @ $4.2054 | $56.22 (13.3692 shares) [56.2%] | RSI 100.0 | Sent 0.79 | SC 0.90 | BR 0.96 | AF 0.96 | Confidence 75.0% | loss -1.7% | Balance: $98.97
💎 ULTRA-HIGH QUALITY TRADE DETECTED - Boosting position size!
🚀 TRADE: SELL DOGE/USDT @ $0.2674 | $57.89 (216.4502 shares) [58.5%] | RSI 97.7 | Sent -0.06 | SC 0.90 | BR 0.96 | AF 0.88 | Confidence 76.5% | profit 0.9% | Balance: $99.51
💎 ULTRA-HIGH QUALITY TRADE DETECTED - Boosting position size!
🚀 TRADE: SELL ADA/USDT @ $0.8690 | $64.68 (74.4317 shares) [65.0%] | RSI 100.0 | Sent -0.31 | SC 0.90 | BR 0.97 | AF 0.94 | Confidence 82.7% | profit 0.9% | Balance: $100.09
💎 ULTRA-HIGH QUALITY TRADE DETECTED - Boosting position size!
🚀 TRADE: SELL ADA/USDT @ $0.8694 | $58.07 (66.7941 shares) [58.0%] | RSI 100.0 | Sent 0.09 | SC 0.90 | BR 0.84 | AF 1.18 | Confidence 75.0% | profit 0.8% | Balance: $100.53
🎲 RANDOM TRADE for edge case learning
🚀 TRADE: SELL LTC/USDT @ $114.4546 | $12.63 (0.1104 shares) [12.6%] | RSI 41.4 | Sent -0.06 | SC 1.00 | BR 0.84 | AF 0.89 | Confidence 47.9% | loss -1.7% | Balance: $100.33
🎲 RANDOM TRADE for edge case learning
🚀 TRADE: SELL ETH/USDT @ $4512.7300 | $22.84 (0.0051 shares) [22.8%] | RSI 82.4 | Sent -0.55 | SC 1.10 | BR 0.98 | AF 0.94 | Confidence 66.5% | loss -1.7% | Balance: $99.95
💎 ULTRA-HIGH QUALITY TRADE DETECTED - Boosting position size!
🚀 TRADE: SELL PENGU/USDT @ $0.0330 | $64.97 (1971.0041 shares) [65.0%] | RSI 100.0 | Sent -0.87 | SC 0.90 | BR 0.90 | AF 0.99 | Confidence 96.7% | profit 1.2% | Balance: $100.75
🎲 RANDOM TRADE for edge case learning
🚀 TRADE: SELL LINK/USDT @ $23.6524 | $10.08 (0.4261 shares) [10.0%] | RSI 100.0 | Sent 0.59 | SC 1.00 | BR 0.87 | AF 1.16 | Confidence 44.1% | loss -1.1% | Balance: $100.64
💎 ULTRA-HIGH QUALITY TRADE DETECTED - Boosting position size!
🚀 TRADE: SELL ADA/USDT @ $0.8719 | $62.63 (71.8352 shares) [62.2%] | RSI 89.3 | Sent -0.47 | SC 1.10 | BR 0.87 | AF 0.97 | Confidence 80.2% | profit 2.9% | Balance: $102.48
💎 ULTRA-HIGH QUALITY TRADE DETECTED - Boosting position size!
🚀 TRADE: BUY DOGE/USDT @ $0.2672 | $51.20 (191.6218 shares) [50.0%] | RSI 0.0 | Sent 0.67 | SC 0.90 | BR 1.14 | AF 1.05 | Confidence 71.8% | loss -0.9% | Balance: $102.03
💎 ULTRA-HIGH QUALITY TRADE DETECTED - Boosting position size!
🚀 TRADE: BUY BNB/USDT @ $929.5500 | $63.50 (0.0683 shares) [62.2%] | RSI 100.0 | Sent 0.87 | SC 1.10 | BR 1.13 | AF 1.19 | Confidence 80.1% | profit 1.3% | Balance: $102.84
🎲 RANDOM TRADE for edge case learning
🚀 TRADE: BUY KAS/USDT @ $0.0852 | $20.16 (236.6354 shares) [19.6%] | RSI 100.0 | Sent -0.22 | SC 1.10 | BR 0.89 | AF 1.15 | Confidence 61.6% | profit 1.5% | Balance: $103.13
💎 ULTRA-HIGH QUALITY TRADE DETECTED - Boosting position size!
🚀 TRADE: SELL PENGU/USDT @ $0.0330 | $67.04 (2033.8489 shares) [65.0%] | RSI 100.0 | Sent -0.97 | SC 0.90 | BR 0.85 | AF 0.94 | Confidence 99.3% | profit 1.1% | Balance: $103.86
💎 ULTRA-HIGH QUALITY TRADE DETECTED - Boosting position size!
🚀 TRADE: SELL BNB/USDT @ $929.5500 | $67.51 (0.0726 shares) [65.0%] | RSI 100.0 | Sent 0.18 | SC 0.90 | BR 0.95 | AF 0.96 | Confidence 90.0% | profit 2.4% | Balance: $105.47
💎 ULTRA-HIGH QUALITY TRADE DETECTED - Boosting position size!
🚀 TRADE: SELL BNB/USDT @ $929.5500 | $68.56 (0.0738 shares) [65.0%] | RSI 100.0 | Sent -0.97 | SC 0.90 | BR 0.91 | AF 1.00 | Confidence 99.2% | profit 2.3% | Balance: $107.08
💎 ULTRA-HIGH QUALITY TRADE DETECTED - Boosting position size!
🚀 TRADE: SELL PENGU/USDT @ $0.0332 | $69.60 (2099.4914 shares) [65.0%] | RSI 100.0 | Sent -0.03 | SC 0.90 | BR 0.86 | AF 0.99 | Confidence 75.9% | loss -0.8% | Balance: $106.53
💎 ULTRA-HIGH QUALITY TRADE DETECTED - Boosting position size!
🚀 TRADE: BUY ETH/USDT @ $4504.9100 | $69.25 (0.0154 shares) [65.0%] | RSI 11.0 | Sent 0.79 | SC 0.90 | BR 1.15 | AF 1.06 | Confidence 89.8% | profit 2.4% | Balance: $108.22
📚 Processed 0 patterns | Win Rate: 60.0% | Return: 8.2%
💎 ULTRA-HIGH QUALITY TRADE DETECTED - Boosting position size!
🚀 TRADE: SELL ALGO/USDT @ $0.2343 | $70.34 (300.2345 shares) [65.0%] | RSI 100.0 | Sent -0.91 | SC 1.00 | BR 0.85 | AF 1.17 | Confidence 78.2% | profit 1.3% | Balance: $109.12
💎 ULTRA-HIGH QUALITY TRADE DETECTED - Boosting position size!
🚀 TRADE: SELL ADA/USDT @ $0.8707 | $70.93 (81.4608 shares) [65.0%] | RSI 100.0 | Sent -0.91 | SC 0.90 | BR 1.17 | AF 0.85 | Confidence 85.4% | loss -1.9% | Balance: $107.78
💎 ULTRA-HIGH QUALITY TRADE DETECTED - Boosting position size!
🚀 TRADE: SELL DOT/USDT @ $4.2356 | $64.83 (15.3067 shares) [60.2%] | RSI 51.4 | Sent -0.74 | SC 0.90 | BR 0.93 | AF 0.83 | Confidence 76.3% | profit 1.5% | Balance: $108.73
💎 ULTRA-HIGH QUALITY TRADE DETECTED - Boosting position size!
🚀 TRADE: SELL ALGO/USDT @ $0.2343 | $63.15 (269.5274 shares) [58.1%] | RSI 100.0 | Sent 0.91 | SC 0.90 | BR 0.89 | AF 1.18 | Confidence 75.0% | profit 1.7% | Balance: $109.83
💎 ULTRA-HIGH QUALITY TRADE DETECTED - Boosting position size!
🚀 TRADE: BUY BCH/USDT @ $594.4400 | $69.05 (0.1162 shares) [62.9%] | RSI 0.0 | Sent 0.53 | SC 1.10 | BR 0.86 | AF 0.86 | Confidence 75.8% | profit 1.6% | Balance: $110.96
💎 ULTRA-HIGH QUALITY TRADE DETECTED - Boosting position size!
🚀 TRADE: SELL KAS/USDT @ $0.0852 | $72.13 (846.6486 shares) [65.0%] | RSI 100.0 | Sent -0.93 | SC 0.90 | BR 1.10 | AF 0.96 | Confidence 85.7% | profit 2.8% | Balance: $112.97
💎 ULTRA-HIGH QUALITY TRADE DETECTED - Boosting position size!
🚀 TRADE: SELL ALGO/USDT @ $0.2343 | $73.43 (313.4050 shares) [65.0%] | RSI 100.0 | Sent -0.93 | SC 0.90 | BR 0.94 | AF 1.07 | Confidence 100.0% | profit 1.2% | Balance: $113.87
💎 ULTRA-HIGH QUALITY TRADE DETECTED - Boosting position size!
🚀 TRADE: SELL AI16Z/USDT @ $0.1090 | $74.02 (679.0375 shares) [65.0%] | RSI 100.0 | Sent -0.74 | SC 0.90 | BR 1.01 | AF 1.13 | Confidence 82.2% | profit 1.8% | Balance: $115.19
🎲 RANDOM TRADE for edge case learning
🚀 TRADE: SELL ETH/USDT @ $4514.8200 | $5.44 (0.0012 shares) [4.7%] | RSI 93.2 | Sent -0.07 | SC 1.00 | BR 0.95 | AF 1.00 | Confidence 27.5% | loss -1.3% | Balance: $115.12
💎 ULTRA-HIGH QUALITY TRADE DETECTED - Boosting position size!
🚀 TRADE: SELL ALGO/USDT @ $0.2343 | $74.83 (319.3844 shares) [65.0%] | RSI 100.0 | Sent -0.44 | SC 0.90 | BR 0.86 | AF 0.84 | Confidence 86.1% | loss -0.7% | Balance: $114.62
💎 ULTRA-HIGH QUALITY TRADE DETECTED - Boosting position size!
🚀 TRADE: SELL PENGU/USDT @ $0.0330 | $74.50 (2257.5801 shares) [65.0%] | RSI 100.0 | Sent -0.91 | SC 0.90 | BR 0.90 | AF 0.98 | Confidence 97.8% | profit 0.6% | Balance: $115.03
🎲 RANDOM TRADE for edge case learning
🚀 TRADE: SELL DOGE/USDT @ $0.2659 | $21.57 (81.1160 shares) [18.8%] | RSI 100.0 | Sent -0.32 | SC 1.00 | BR 1.14 | AF 1.11 | Confidence 58.1% | loss -1.6% | Balance: $114.69
🎲 RANDOM TRADE for edge case learning
🚀 TRADE: BUY ETH/USDT @ $4512.8700 | $4.41 (0.0010 shares) [3.8%] | RSI 61.6 | Sent 0.18 | SC 1.00 | BR 1.01 | AF 0.93 | Confidence 27.2% | loss -0.5% | Balance: $114.67
🎲 RANDOM TRADE for edge case learning
🚀 TRADE: SELL ALGO/USDT @ $0.2343 | $12.50 (53.3549 shares) [10.9%] | RSI 100.0 | Sent -0.05 | SC 1.00 | BR 0.89 | AF 0.88 | Confidence 47.3% | loss -1.9% | Balance: $114.43
💎 ULTRA-HIGH QUALITY TRADE DETECTED - Boosting position size!
🚀 TRADE: SELL FARTCOIN/USDT @ $0.8229 | $74.38 (90.3902 shares) [65.0%] | RSI 100.0 | Sent -0.88 | SC 1.00 | BR 0.80 | AF 0.88 | Confidence 92.3% | profit 0.8% | Balance: $115.03
💎 ULTRA-HIGH QUALITY TRADE DETECTED - Boosting position size!
🚀 TRADE: BUY ETH/USDT @ $4508.5700 | $68.61 (0.0152 shares) [59.6%] | RSI 3.1 | Sent 0.32 | SC 1.00 | BR 1.13 | AF 1.08 | Confidence 75.7% | profit 1.4% | Balance: $115.99
🎲 RANDOM TRADE for edge case learning
🚀 TRADE: BUY LINK/USDT @ $23.7054 | $5.98 (0.2524 shares) [5.2%] | RSI 100.0 | Sent -0.24 | SC 1.00 | BR 0.91 | AF 1.16 | Confidence 31.4% | loss -1.7% | Balance: $115.89
💎 ULTRA-HIGH QUALITY TRADE DETECTED - Boosting position size!
🚀 TRADE: BUY DOGE/USDT @ $0.2651 | $75.33 (284.1087 shares) [65.0%] | RSI 0.0 | Sent 0.05 | SC 1.10 | BR 1.03 | AF 1.00 | Confidence 91.6% | profit 1.7% | Balance: $117.18
💎 ULTRA-HIGH QUALITY TRADE DETECTED - Boosting position size!
🚀 TRADE: BUY BNB/USDT @ $930.3000 | $71.14 (0.0765 shares) [60.7%] | RSI 0.0 | Sent 0.76 | SC 1.00 | BR 1.13 | AF 0.93 | Confidence 73.7% | profit 0.8% | Balance: $117.74
💎 ULTRA-HIGH QUALITY TRADE DETECTED - Boosting position size!
🚀 TRADE: SELL ALGO/USDT @ $0.2343 | $76.53 (326.6399 shares) [65.0%] | RSI 100.0 | Sent -0.96 | SC 0.90 | BR 0.86 | AF 0.97 | Confidence 99.0% | profit 0.7% | Balance: $118.25
📚 Processed 0 patterns | Win Rate: 62.5% | Return: 18.3%
💎 ULTRA-HIGH QUALITY TRADE DETECTED - Boosting position size!
🚀 TRADE: SELL KAS/USDT @ $0.0854 | $76.86 (900.3692 shares) [65.0%] | RSI 100.0 | Sent -0.62 | SC 0.90 | BR 0.94 | AF 0.92 | Confidence 90.5% | loss -1.8% | Balance: $116.84
💎 ULTRA-HIGH QUALITY TRADE DETECTED - Boosting position size!
🚀 TRADE: SELL LINK/USDT @ $23.7054 | $73.37 (3.0949 shares) [62.8%] | RSI 100.0 | Sent 0.13 | SC 0.90 | BR 1.17 | AF 0.97 | Confidence 75.0% | profit 1.3% | Balance: $117.78
💎 ULTRA-HIGH QUALITY TRADE DETECTED - Boosting position size!
🚀 TRADE: BUY LINK/USDT @ $23.6729 | $76.55 (3.2338 shares) [65.0%] | RSI 0.0 | Sent -0.67 | SC 1.10 | BR 1.08 | AF 1.07 | Confidence 75.0% | loss -0.5% | Balance: $117.39
💎 ULTRA-HIGH QUALITY TRADE DETECTED - Boosting position size!
🚀 TRADE: SELL ETH/USDT @ $4511.3100 | $68.67 (0.0152 shares) [58.5%] | RSI 97.3 | Sent -0.39 | SC 0.90 | BR 1.00 | AF 1.07 | Confidence 72.3% | loss -1.5% | Balance: $116.34
🎲 RANDOM TRADE for edge case learning
🚀 TRADE: BUY XMR/USDT @ $330.0000 | $23.74 (0.0719 shares) [20.4%] | RSI 90.7 | Sent 0.67 | SC 1.10 | BR 1.12 | AF 0.86 | Confidence 62.4% | profit 2.4% | Balance: $116.90

============================================================
🏁 PAPER TRADING SESSION COMPLETE!
📊 Total Trades: 45
⏱️  Duration: 2.00 hours
⚡ Actual Rate: 0.4 trades/minute
💰 Starting Balance: $100.00
💰 Final Balance: $116.90
📈 Total Return: 16.90%
✅ Win Rate: 60.0% (27/45)
📚 Patterns Generated: 0
🧠 Learning Engine Update:
   • Total Sessions: 3
   • Patterns Learned: 4
   • Learning Active: True
💾 Session results saved to: rapid_training_results_rapid_training_1758011856.json
