=== Tue Sep 16 06:53:47 EDT 2025 - 15-MINUTE STATUS UPDATE ===
✅ Training Session: STILL RUNNING
📊 Process Info:
johnbozza        63756   0.0  1.2 411656624 201968   ??  SN    6:33AM   0:01.36 /opt/homebrew/Cellar/python@3.11/3.11.13/Frameworks/Python.framework/Versions/3.11/Resources/Python.app/Contents/MacOS/Python rapid_fire_trainer.py
📝 Log File Size:        0 bytes
⚠️  Log file still empty (buffered output)
================================================
=== Tue Sep 16 07:08:47 EDT 2025 - 15-MINUTE STATUS UPDATE ===
✅ Training Session: STILL RUNNING
📊 Process Info:
johnbozza        63756   0.0  1.2 411656624 201712   ??  SN    6:33AM   0:01.68 /opt/homebrew/Cellar/python@3.11/3.11.13/Frameworks/Python.framework/Versions/3.11/Resources/Python.app/Contents/MacOS/Python rapid_fire_trainer.py
📝 Log File Size:        0 bytes
⚠️  Log file still empty (buffered output)
================================================
=== Tue Sep 16 07:23:47 EDT 2025 - 15-MINUTE STATUS UPDATE ===
✅ Training Session: STILL RUNNING
📊 Process Info:
johnbozza        63756   0.0  1.2 411656624 200560   ??  SN    6:33AM   0:01.98 /opt/homebrew/Cellar/python@3.11/3.11.13/Frameworks/Python.framework/Versions/3.11/Resources/Python.app/Contents/MacOS/Python rapid_fire_trainer.py
📝 Log File Size:        0 bytes
⚠️  Log file still empty (buffered output)
================================================
=== Tue Sep 16 07:38:47 EDT 2025 - 15-MINUTE STATUS UPDATE ===
✅ Training Session: STILL RUNNING
📊 Process Info:
johnbozza        63756   0.0  0.5 411657648  82224   ??  SN    6:33AM   0:02.33 /opt/homebrew/Cellar/python@3.11/3.11.13/Frameworks/Python.framework/Versions/3.11/Resources/Python.app/Contents/MacOS/Python rapid_fire_trainer.py
📝 Log File Size:        0 bytes
⚠️  Log file still empty (buffered output)
================================================
=== Tue Sep 16 07:53:47 EDT 2025 - 15-MINUTE STATUS UPDATE ===
✅ Training Session: STILL RUNNING
📊 Process Info:
johnbozza        63756   0.7  0.5 411657648  83040   ??  SN    6:33AM   0:02.69 /opt/homebrew/Cellar/python@3.11/3.11.13/Frameworks/Python.framework/Versions/3.11/Resources/Python.app/Contents/MacOS/Python rapid_fire_trainer.py
📝 Log File Size:        0 bytes
⚠️  Log file still empty (buffered output)
================================================
