⚡ Initializing Ultra-Rapid Fire Trainer...
📁 Loaded configuration from benson_user_config.json
✅ Comprehensive Supply Chain Signals System Initialized
   📊 Monitoring: Freight rates, ports, energy, trade policy, disruptions, crypto logistics
🔗 Supply Chain signals: ENABLED
🧠 Advanced Pattern Recognition Engine: ENABLED
🧠 Learning Engine: ENABLED
⚡ ULTRA-RAPID FIRE TRAINER INITIALIZED
🎯 Session: 30 minutes, 3 trades/minute = ~90 total trades
📊 Portfolio: 50 symbols

⚡⚡⚡⚡⚡⚡⚡⚡⚡⚡⚡⚡⚡⚡⚡⚡⚡⚡⚡⚡⚡⚡⚡⚡⚡⚡⚡⚡⚡⚡⚡⚡⚡⚡⚡⚡⚡⚡⚡⚡⚡⚡⚡⚡⚡⚡⚡⚡⚡⚡⚡⚡⚡⚡⚡⚡⚡⚡⚡⚡
🚀 ULTRA-RAPID FIRE TRAINING SESSION
⚡⚡⚡⚡⚡⚡⚡⚡⚡⚡⚡⚡⚡⚡⚡⚡⚡⚡⚡⚡⚡⚡⚡⚡⚡⚡⚡⚡⚡⚡⚡⚡⚡⚡⚡⚡⚡⚡⚡⚡⚡⚡⚡⚡⚡⚡⚡⚡⚡⚡⚡⚡⚡⚡⚡⚡⚡⚡⚡⚡
⏱️  Duration: 30 minutes
💰 Starting Budget: $100.00
⚡ Target Rate: 3 trades/minute (~90 total trades)
📊 Symbols: 50 cryptocurrencies
🎯 Session ID: ultra_rapid_1758045887
📈 Position Range: 0.5% - 25.0%

⏰ Trade interval: 20.0 seconds
🔥 STARTING ULTRA-RAPID EXECUTION...

✅ #  1 |  0.0m | 🎲 RANDOM ZRX/USD      | $  0.2683 |  7.4% | C: 51% | P: +1.7% | Bal:$ 100.12
✅ #  2 |  1.0m | 🟢 BUY BAL/USD      | $784.6230 |  9.6% | C: 67% | P: +1.9% | Bal:$ 100.31
✅ #  3 |  1.7m | 🎲 RANDOM LTC/USDT     | $115.3444 |  9.5% | C: 66% | P: +1.0% | Bal:$ 100.40
❌ #  4 |  2.7m | 🎲 RANDOM BTC/USDT     | $116666.5000 |  9.8% | C: 68% | P: -1.0% | Bal:$ 100.31
❌ #  5 |  3.7m | 🎲 RANDOM ZRX/USD      | $  0.2683 |  7.9% | C: 55% | P: -1.1% | Bal:$ 100.22
✅ #  6 |  5.3m | 🟢 BUY MANA/USDT    | $  0.3434 |  9.5% | C: 66% | P: +0.6% | Bal:$ 100.28
✅ #  7 |  5.7m | 🎲 RANDOM FARTCOIN/USDT | $  0.8384 | 10.6% | C: 73% | P: +1.1% | Bal:$ 100.39
❌ #  8 |  7.0m | 🎲 RANDOM XMR/USDT     | $321.9500 |  6.5% | C: 45% | P: -1.4% | Bal:$ 100.30
❌ #  9 |  7.3m | 🟢 BUY MERL/USD     | $  0.1792 | 13.8% | C: 95% | P: -0.6% | Bal:$ 100.22
✅ # 10 |  7.7m | 🎲 RANDOM ETH/USDT     | $4492.9300 |  7.4% | C: 51% | P: +1.2% | Bal:$ 100.30
❌ # 11 |  8.7m | 🔴 SELL BTC/USDT     | $116719.8000 | 11.6% | C: 77% | P: -0.7% | Bal:$ 100.22
✅ # 12 |  9.7m | 🎲 RANDOM SUSHI/USD    | $  0.7889 |  8.8% | C: 61% | P: +0.5% | Bal:$ 100.26
❌ # 13 | 11.4m | 🎲 RANDOM KAS/USDT     | $  0.0864 |  8.1% | C: 56% | P: -0.4% | Bal:$ 100.23
❌ # 14 | 11.7m | 🔴 SELL BNB/USDT     | $954.7800 |  9.8% | C: 71% | P: -0.7% | Bal:$ 100.17
✅ # 15 | 13.0m | 🎲 RANDOM BADGER/USD   | $  1.0720 |  8.0% | C: 58% | P: +1.2% | Bal:$ 100.27
❌ # 16 | 13.7m | 🟢 BUY RARE/USD     | $  0.0610 | 11.0% | C: 76% | P: -0.5% | Bal:$ 100.21
❌ # 17 | 15.0m | 🎲 RANDOM SAND/USD     | $  0.3020 |  9.0% | C: 65% | P: -0.7% | Bal:$ 100.15
✅ # 18 | 15.4m | 🔴 SELL YFI/USD      | $5432.0000 |  8.0% | C: 60% | P: +2.0% | Bal:$ 100.31
❌ # 19 | 15.7m | 🟢 BUY BCH/USDT     | $598.7300 | 10.0% | C: 72% | P: -0.8% | Bal:$ 100.23
❌ # 20 | 16.0m | 🔴 SELL RARE/USD     | $  0.0610 |  8.4% | C: 61% | P: -1.0% | Bal:$ 100.14
✅ # 21 | 17.4m | 🎲 RANDOM BADGER/USD   | $  1.0720 |  5.4% | C: 40% | P: +1.6% | Bal:$ 100.23
✅ # 22 | 18.4m | 🟢 BUY BIGTIME/USD  | $  0.0532 |  9.9% | C: 72% | P: +0.6% | Bal:$ 100.29
❌ # 23 | 19.4m | 🔴 SELL ZRX/USD      | $  0.2683 |  9.2% | C: 66% | P: -1.2% | Bal:$ 100.18
❌ # 24 | 21.4m | 🎲 RANDOM USELESS/USD  | $  0.2345 |  5.8% | C: 42% | P: -0.5% | Bal:$ 100.15
❌ # 25 | 22.1m | 🟢 BUY XRP/USDT     | $  3.0496 |  9.1% | C: 66% | P: -0.7% | Bal:$ 100.09
✅ # 26 | 23.7m | 🟢 BUY YFI/USD      | $5437.0000 |  9.1% | C: 69% | P: +0.7% | Bal:$ 100.15
✅ # 27 | 24.1m | 🎲 RANDOM TRUMP/USDT   | $  8.5600 |  6.0% | C: 43% | P: +1.1% | Bal:$ 100.22
✅ # 28 | 25.1m | 🟢 BUY XRP/USDT     | $  3.0455 | 13.7% | C: 95% | P: +1.2% | Bal:$ 100.39
✅ # 29 | 26.4m | 🔴 SELL TRUMP/USDT   | $  8.5600 |  8.8% | C: 61% | P: +1.4% | Bal:$ 100.52
❌ # 30 | 28.1m | 🟢 BUY DOT/USDT     | $  4.2700 |  9.9% | C: 66% | P: -1.5% | Bal:$ 100.37

📊 CHECKPOINT: 30 trades | 1.1 t/min | WR: 50.0% | Return: +0.4%\n
⚠️ Learning engine error: BensonLearningEngine.learn_from_session() missing 1 required positional argument: 'config'

📊 CHECKPOINT: 30 trades | 1.1 t/min | WR: 50.0% | Return: +0.4%\n
⚠️ Learning engine error: BensonLearningEngine.learn_from_session() missing 1 required positional argument: 'config'

📊 CHECKPOINT: 30 trades | 1.0 t/min | WR: 50.0% | Return: +0.4%\n
⚠️ Learning engine error: BensonLearningEngine.learn_from_session() missing 1 required positional argument: 'config'

📊 CHECKPOINT: 30 trades | 1.0 t/min | WR: 50.0% | Return: +0.4%\n
⚠️ Learning engine error: BensonLearningEngine.learn_from_session() missing 1 required positional argument: 'config'

📊 CHECKPOINT: 30 trades | 1.0 t/min | WR: 50.0% | Return: +0.4%\n
⚠️ Learning engine error: BensonLearningEngine.learn_from_session() missing 1 required positional argument: 'config'
✅ # 31 | 29.7m | 🔴 SELL DOT/USDT     | $  4.2700 |  9.9% | C: 66% | P: +1.9% | Bal:$ 100.56
\n🏁🏁🏁🏁🏁🏁🏁🏁🏁🏁🏁🏁🏁🏁🏁🏁🏁🏁🏁🏁🏁🏁🏁🏁🏁🏁🏁🏁🏁🏁🏁🏁🏁🏁🏁🏁🏁🏁🏁🏁🏁🏁🏁🏁🏁🏁🏁🏁🏁🏁🏁🏁🏁🏁🏁🏁🏁🏁🏁🏁
🏁 ULTRA-RAPID SESSION COMPLETE!
🏁🏁🏁🏁🏁🏁🏁🏁🏁🏁🏁🏁🏁🏁🏁🏁🏁🏁🏁🏁🏁🏁🏁🏁🏁🏁🏁🏁🏁🏁🏁🏁🏁🏁🏁🏁🏁🏁🏁🏁🏁🏁🏁🏁🏁🏁🏁🏁🏁🏁🏁🏁🏁🏁🏁🏁🏁🏁🏁🏁
⏱️  Total Time: 30.00 minutes
📊 Total Trades: 31
⚡ Actual Rate: 1.0 trades/minute
🎯 Target Rate: 3 trades/minute
💰 Starting Balance: $100.00
💰 Final Balance: $100.56
📈 Total Return: +0.56%
✅ Win Rate: 51.6% (16/31)
📚 Training Patterns: 31
💾 Results saved to: ultra_rapid_session_ultra_rapid_1758045887.json
⚠️ Learning engine error: BensonLearningEngine.learn_from_session() missing 1 required positional argument: 'config'
🧠 Final patterns fed to Learning Engine
\n🎯 MISSION ACCOMPLISHED!
Target: 3 trades/min → Achieved: 1.0 trades/min
🔄 RETRY: Below target, consider optimization!
